{"/Users/apple/code/test_node_assignment/app.js": {"path":"/Users/apple/code/test_node_assignment/app.js","statementMap":{"0":{"start":{"line":7,"column":15},"end":{"line":7,"column":33}},"1":{"start":{"line":8,"column":13},"end":{"line":8,"column":22}},"2":{"start":{"line":9,"column":11},"end":{"line":9,"column":26}},"3":{"start":{"line":10,"column":19},"end":{"line":10,"column":53}},"4":{"start":{"line":11,"column":20},"end":{"line":11,"column":55}},"5":{"start":{"line":12,"column":25},"end":{"line":12,"column":70}},"6":{"start":{"line":13,"column":20},"end":{"line":13,"column":55}},"7":{"start":{"line":14,"column":22},"end":{"line":14,"column":61}},"8":{"start":{"line":15,"column":20},"end":{"line":15,"column":55}},"9":{"start":{"line":17,"column":0},"end":{"line":17,"column":24}},"10":{"start":{"line":19,"column":0},"end":{"line":19,"column":33}},"11":{"start":{"line":20,"column":0},"end":{"line":20,"column":35}},"12":{"start":{"line":21,"column":0},"end":{"line":21,"column":44}},"13":{"start":{"line":22,"column":0},"end":{"line":22,"column":34}},"14":{"start":{"line":23,"column":0},"end":{"line":23,"column":38}},"15":{"start":{"line":24,"column":0},"end":{"line":24,"column":34}},"16":{"start":{"line":26,"column":0},"end":{"line":31,"column":3}},"17":{"start":{"line":27,"column":4},"end":{"line":30,"column":7}},"18":{"start":{"line":33,"column":0},"end":{"line":35,"column":3}},"19":{"start":{"line":34,"column":4},"end":{"line":34,"column":72}},"20":{"start":{"line":37,"column":0},"end":{"line":37,"column":21}}},"fnMap":{"0":{"name":"(anonymous_0)","decl":{"start":{"line":26,"column":15},"end":{"line":26,"column":16}},"loc":{"start":{"line":26,"column":26},"end":{"line":31,"column":1}},"line":26},"1":{"name":"(anonymous_1)","decl":{"start":{"line":33,"column":23},"end":{"line":33,"column":24}},"loc":{"start":{"line":33,"column":27},"end":{"line":35,"column":1}},"line":33}},"branchMap":{},"s":{"0":5,"1":5,"2":5,"3":5,"4":5,"5":5,"6":5,"7":5,"8":5,"9":5,"10":5,"11":5,"12":5,"13":5,"14":5,"15":5,"16":5,"17":0,"18":5,"19":1,"20":5},"f":{"0":0,"1":1},"b":{},"_coverageSchema":"1a1c01bbd47fc00a2c39e90264f33305004495a9","hash":"5d7a5d502ee30e1643e5b2df12ca49652769f231"}
,"/Users/apple/code/test_node_assignment/api/admin/admin.controller.js": {"path":"/Users/apple/code/test_node_assignment/api/admin/admin.controller.js","statementMap":{"0":{"start":{"line":1,"column":81},"end":{"line":1,"column":107}},"1":{"start":{"line":2,"column":48},"end":{"line":2,"column":65}},"2":{"start":{"line":3,"column":17},"end":{"line":3,"column":40}},"3":{"start":{"line":4,"column":11},"end":{"line":4,"column":26}},"4":{"start":{"line":6,"column":0},"end":{"line":126,"column":2}},"5":{"start":{"line":8,"column":21},"end":{"line":8,"column":29}},"6":{"start":{"line":9,"column":21},"end":{"line":9,"column":36}},"7":{"start":{"line":10,"column":8},"end":{"line":10,"column":47}},"8":{"start":{"line":11,"column":8},"end":{"line":23,"column":11}},"9":{"start":{"line":12,"column":12},"end":{"line":18,"column":13}},"10":{"start":{"line":13,"column":16},"end":{"line":13,"column":33}},"11":{"start":{"line":14,"column":16},"end":{"line":17,"column":19}},"12":{"start":{"line":19,"column":12},"end":{"line":22,"column":15}},"13":{"start":{"line":26,"column":19},"end":{"line":26,"column":32}},"14":{"start":{"line":27,"column":8},"end":{"line":42,"column":11}},"15":{"start":{"line":28,"column":12},"end":{"line":31,"column":13}},"16":{"start":{"line":29,"column":16},"end":{"line":29,"column":33}},"17":{"start":{"line":30,"column":16},"end":{"line":30,"column":23}},"18":{"start":{"line":32,"column":12},"end":{"line":37,"column":13}},"19":{"start":{"line":33,"column":16},"end":{"line":36,"column":19}},"20":{"start":{"line":38,"column":12},"end":{"line":41,"column":15}},"21":{"start":{"line":45,"column":8},"end":{"line":54,"column":11}},"22":{"start":{"line":46,"column":12},"end":{"line":49,"column":13}},"23":{"start":{"line":47,"column":16},"end":{"line":47,"column":33}},"24":{"start":{"line":48,"column":16},"end":{"line":48,"column":23}},"25":{"start":{"line":50,"column":12},"end":{"line":53,"column":15}},"26":{"start":{"line":57,"column":21},"end":{"line":57,"column":29}},"27":{"start":{"line":58,"column":19},"end":{"line":58,"column":32}},"28":{"start":{"line":59,"column":21},"end":{"line":59,"column":36}},"29":{"start":{"line":60,"column":8},"end":{"line":60,"column":47}},"30":{"start":{"line":61,"column":8},"end":{"line":76,"column":11}},"31":{"start":{"line":62,"column":12},"end":{"line":65,"column":13}},"32":{"start":{"line":63,"column":16},"end":{"line":63,"column":33}},"33":{"start":{"line":64,"column":16},"end":{"line":64,"column":23}},"34":{"start":{"line":66,"column":12},"end":{"line":71,"column":13}},"35":{"start":{"line":67,"column":16},"end":{"line":70,"column":18}},"36":{"start":{"line":72,"column":12},"end":{"line":75,"column":15}},"37":{"start":{"line":79,"column":19},"end":{"line":79,"column":32}},"38":{"start":{"line":80,"column":8},"end":{"line":95,"column":11}},"39":{"start":{"line":81,"column":12},"end":{"line":84,"column":13}},"40":{"start":{"line":82,"column":16},"end":{"line":82,"column":33}},"41":{"start":{"line":83,"column":16},"end":{"line":83,"column":23}},"42":{"start":{"line":85,"column":12},"end":{"line":90,"column":13}},"43":{"start":{"line":86,"column":16},"end":{"line":89,"column":19}},"44":{"start":{"line":91,"column":12},"end":{"line":94,"column":15}},"45":{"start":{"line":98,"column":21},"end":{"line":98,"column":29}},"46":{"start":{"line":99,"column":8},"end":{"line":124,"column":11}},"47":{"start":{"line":100,"column":12},"end":{"line":102,"column":13}},"48":{"start":{"line":101,"column":16},"end":{"line":101,"column":33}},"49":{"start":{"line":103,"column":12},"end":{"line":108,"column":13}},"50":{"start":{"line":104,"column":16},"end":{"line":107,"column":19}},"51":{"start":{"line":109,"column":27},"end":{"line":109,"column":64}},"52":{"start":{"line":110,"column":12},"end":{"line":123,"column":13}},"53":{"start":{"line":111,"column":16},"end":{"line":111,"column":42}},"54":{"start":{"line":112,"column":34},"end":{"line":112,"column":74}},"55":{"start":{"line":113,"column":16},"end":{"line":117,"column":19}},"56":{"start":{"line":119,"column":16},"end":{"line":122,"column":19}}},"fnMap":{"0":{"name":"(anonymous_0)","decl":{"start":{"line":7,"column":17},"end":{"line":7,"column":18}},"loc":{"start":{"line":7,"column":28},"end":{"line":24,"column":5}},"line":7},"1":{"name":"(anonymous_1)","decl":{"start":{"line":11,"column":20},"end":{"line":11,"column":21}},"loc":{"start":{"line":11,"column":35},"end":{"line":23,"column":9}},"line":11},"2":{"name":"(anonymous_2)","decl":{"start":{"line":25,"column":19},"end":{"line":25,"column":20}},"loc":{"start":{"line":25,"column":32},"end":{"line":43,"column":5}},"line":25},"3":{"name":"(anonymous_3)","decl":{"start":{"line":27,"column":24},"end":{"line":27,"column":25}},"loc":{"start":{"line":27,"column":42},"end":{"line":42,"column":9}},"line":27},"4":{"name":"(anonymous_4)","decl":{"start":{"line":44,"column":14},"end":{"line":44,"column":15}},"loc":{"start":{"line":44,"column":27},"end":{"line":55,"column":5}},"line":44},"5":{"name":"(anonymous_5)","decl":{"start":{"line":45,"column":17},"end":{"line":45,"column":18}},"loc":{"start":{"line":45,"column":34},"end":{"line":54,"column":9}},"line":45},"6":{"name":"(anonymous_6)","decl":{"start":{"line":56,"column":18},"end":{"line":56,"column":19}},"loc":{"start":{"line":56,"column":30},"end":{"line":77,"column":5}},"line":56},"7":{"name":"(anonymous_7)","decl":{"start":{"line":61,"column":28},"end":{"line":61,"column":29}},"loc":{"start":{"line":61,"column":44},"end":{"line":76,"column":9}},"line":61},"8":{"name":"(anonymous_8)","decl":{"start":{"line":78,"column":18},"end":{"line":78,"column":19}},"loc":{"start":{"line":78,"column":31},"end":{"line":96,"column":5}},"line":78},"9":{"name":"(anonymous_9)","decl":{"start":{"line":80,"column":23},"end":{"line":80,"column":24}},"loc":{"start":{"line":80,"column":40},"end":{"line":95,"column":9}},"line":80},"10":{"name":"(anonymous_10)","decl":{"start":{"line":97,"column":16},"end":{"line":97,"column":17}},"loc":{"start":{"line":97,"column":29},"end":{"line":125,"column":5}},"line":97},"11":{"name":"(anonymous_11)","decl":{"start":{"line":99,"column":33},"end":{"line":99,"column":34}},"loc":{"start":{"line":99,"column":50},"end":{"line":124,"column":9}},"line":99}},"branchMap":{"0":{"loc":{"start":{"line":12,"column":12},"end":{"line":18,"column":13}},"type":"if","locations":[{"start":{"line":12,"column":12},"end":{"line":18,"column":13}},{"start":{},"end":{}}],"line":12},"1":{"loc":{"start":{"line":28,"column":12},"end":{"line":31,"column":13}},"type":"if","locations":[{"start":{"line":28,"column":12},"end":{"line":31,"column":13}},{"start":{},"end":{}}],"line":28},"2":{"loc":{"start":{"line":32,"column":12},"end":{"line":37,"column":13}},"type":"if","locations":[{"start":{"line":32,"column":12},"end":{"line":37,"column":13}},{"start":{},"end":{}}],"line":32},"3":{"loc":{"start":{"line":46,"column":12},"end":{"line":49,"column":13}},"type":"if","locations":[{"start":{"line":46,"column":12},"end":{"line":49,"column":13}},{"start":{},"end":{}}],"line":46},"4":{"loc":{"start":{"line":62,"column":12},"end":{"line":65,"column":13}},"type":"if","locations":[{"start":{"line":62,"column":12},"end":{"line":65,"column":13}},{"start":{},"end":{}}],"line":62},"5":{"loc":{"start":{"line":66,"column":12},"end":{"line":71,"column":13}},"type":"if","locations":[{"start":{"line":66,"column":12},"end":{"line":71,"column":13}},{"start":{},"end":{}}],"line":66},"6":{"loc":{"start":{"line":81,"column":12},"end":{"line":84,"column":13}},"type":"if","locations":[{"start":{"line":81,"column":12},"end":{"line":84,"column":13}},{"start":{},"end":{}}],"line":81},"7":{"loc":{"start":{"line":85,"column":12},"end":{"line":90,"column":13}},"type":"if","locations":[{"start":{"line":85,"column":12},"end":{"line":90,"column":13}},{"start":{},"end":{}}],"line":85},"8":{"loc":{"start":{"line":100,"column":12},"end":{"line":102,"column":13}},"type":"if","locations":[{"start":{"line":100,"column":12},"end":{"line":102,"column":13}},{"start":{},"end":{}}],"line":100},"9":{"loc":{"start":{"line":103,"column":12},"end":{"line":108,"column":13}},"type":"if","locations":[{"start":{"line":103,"column":12},"end":{"line":108,"column":13}},{"start":{},"end":{}}],"line":103},"10":{"loc":{"start":{"line":110,"column":12},"end":{"line":123,"column":13}},"type":"if","locations":[{"start":{"line":110,"column":12},"end":{"line":123,"column":13}},{"start":{"line":118,"column":17},"end":{"line":123,"column":13}}],"line":110}},"s":{"0":5,"1":5,"2":5,"3":5,"4":5,"5":0,"6":0,"7":0,"8":0,"9":0,"10":0,"11":0,"12":0,"13":0,"14":0,"15":0,"16":0,"17":0,"18":0,"19":0,"20":0,"21":0,"22":0,"23":0,"24":0,"25":0,"26":0,"27":0,"28":0,"29":0,"30":0,"31":0,"32":0,"33":0,"34":0,"35":0,"36":0,"37":0,"38":0,"39":0,"40":0,"41":0,"42":0,"43":0,"44":0,"45":0,"46":0,"47":0,"48":0,"49":0,"50":0,"51":0,"52":0,"53":0,"54":0,"55":0,"56":0},"f":{"0":0,"1":0,"2":0,"3":0,"4":0,"5":0,"6":0,"7":0,"8":0,"9":0,"10":0,"11":0},"b":{"0":[0,0],"1":[0,0],"2":[0,0],"3":[0,0],"4":[0,0],"5":[0,0],"6":[0,0],"7":[0,0],"8":[0,0],"9":[0,0],"10":[0,0]},"_coverageSchema":"1a1c01bbd47fc00a2c39e90264f33305004495a9","hash":"e48a16655d0885c571084d0cd9038db493151113"}
,"/Users/apple/code/test_node_assignment/api/admin/admin.router.js": {"path":"/Users/apple/code/test_node_assignment/api/admin/admin.router.js","statementMap":{"0":{"start":{"line":1,"column":86},"end":{"line":1,"column":115}},"1":{"start":{"line":2,"column":15},"end":{"line":2,"column":42}},"2":{"start":{"line":3,"column":28},"end":{"line":3,"column":65}},"3":{"start":{"line":5,"column":0},"end":{"line":5,"column":30}},"4":{"start":{"line":6,"column":0},"end":{"line":6,"column":43}},"5":{"start":{"line":7,"column":0},"end":{"line":7,"column":50}},"6":{"start":{"line":8,"column":0},"end":{"line":8,"column":50}},"7":{"start":{"line":9,"column":0},"end":{"line":9,"column":51}},"8":{"start":{"line":10,"column":0},"end":{"line":10,"column":34}},"9":{"start":{"line":11,"column":0},"end":{"line":11,"column":24}}},"fnMap":{},"branchMap":{},"s":{"0":5,"1":5,"2":5,"3":5,"4":5,"5":5,"6":5,"7":5,"8":5,"9":5},"f":{},"b":{},"_coverageSchema":"1a1c01bbd47fc00a2c39e90264f33305004495a9","hash":"8eb6c7df0adf61003921a70536039a2535d22edf"}
,"/Users/apple/code/test_node_assignment/api/admin/admin.service.js": {"path":"/Users/apple/code/test_node_assignment/api/admin/admin.service.js","statementMap":{"0":{"start":{"line":1,"column":13},"end":{"line":1,"column":45}},"1":{"start":{"line":3,"column":0},"end":{"line":84,"column":2}},"2":{"start":{"line":5,"column":8},"end":{"line":17,"column":10}},"3":{"start":{"line":12,"column":16},"end":{"line":14,"column":17}},"4":{"start":{"line":13,"column":20},"end":{"line":13,"column":42}},"5":{"start":{"line":15,"column":16},"end":{"line":15,"column":45}},"6":{"start":{"line":20,"column":8},"end":{"line":29,"column":10}},"7":{"start":{"line":24,"column":16},"end":{"line":26,"column":17}},"8":{"start":{"line":25,"column":20},"end":{"line":25,"column":43}},"9":{"start":{"line":27,"column":16},"end":{"line":27,"column":46}},"10":{"start":{"line":33,"column":8},"end":{"line":42,"column":10}},"11":{"start":{"line":37,"column":16},"end":{"line":39,"column":17}},"12":{"start":{"line":38,"column":20},"end":{"line":38,"column":43}},"13":{"start":{"line":40,"column":16},"end":{"line":40,"column":46}},"14":{"start":{"line":45,"column":8},"end":{"line":58,"column":9}},"15":{"start":{"line":53,"column":16},"end":{"line":55,"column":17}},"16":{"start":{"line":54,"column":20},"end":{"line":54,"column":43}},"17":{"start":{"line":56,"column":16},"end":{"line":56,"column":46}},"18":{"start":{"line":61,"column":8},"end":{"line":70,"column":9}},"19":{"start":{"line":65,"column":16},"end":{"line":67,"column":17}},"20":{"start":{"line":66,"column":20},"end":{"line":66,"column":43}},"21":{"start":{"line":68,"column":16},"end":{"line":68,"column":46}},"22":{"start":{"line":73,"column":8},"end":{"line":82,"column":9}},"23":{"start":{"line":77,"column":16},"end":{"line":79,"column":17}},"24":{"start":{"line":78,"column":20},"end":{"line":78,"column":43}},"25":{"start":{"line":80,"column":16},"end":{"line":80,"column":48}}},"fnMap":{"0":{"name":"(anonymous_0)","decl":{"start":{"line":4,"column":12},"end":{"line":4,"column":13}},"loc":{"start":{"line":4,"column":30},"end":{"line":18,"column":5}},"line":4},"1":{"name":"(anonymous_1)","decl":{"start":{"line":11,"column":12},"end":{"line":11,"column":13}},"loc":{"start":{"line":11,"column":39},"end":{"line":16,"column":13}},"line":11},"2":{"name":"(anonymous_2)","decl":{"start":{"line":19,"column":14},"end":{"line":19,"column":15}},"loc":{"start":{"line":19,"column":24},"end":{"line":31,"column":5}},"line":19},"3":{"name":"(anonymous_3)","decl":{"start":{"line":23,"column":12},"end":{"line":23,"column":13}},"loc":{"start":{"line":23,"column":38},"end":{"line":28,"column":13}},"line":23},"4":{"name":"(anonymous_4)","decl":{"start":{"line":32,"column":18},"end":{"line":32,"column":19}},"loc":{"start":{"line":32,"column":34},"end":{"line":43,"column":5}},"line":32},"5":{"name":"(anonymous_5)","decl":{"start":{"line":36,"column":12},"end":{"line":36,"column":13}},"loc":{"start":{"line":36,"column":38},"end":{"line":41,"column":13}},"line":36},"6":{"name":"(anonymous_6)","decl":{"start":{"line":44,"column":18},"end":{"line":44,"column":19}},"loc":{"start":{"line":44,"column":39},"end":{"line":59,"column":5}},"line":44},"7":{"name":"(anonymous_7)","decl":{"start":{"line":52,"column":12},"end":{"line":52,"column":13}},"loc":{"start":{"line":52,"column":40},"end":{"line":57,"column":13}},"line":52},"8":{"name":"(anonymous_8)","decl":{"start":{"line":60,"column":18},"end":{"line":60,"column":19}},"loc":{"start":{"line":60,"column":33},"end":{"line":71,"column":5}},"line":60},"9":{"name":"(anonymous_9)","decl":{"start":{"line":64,"column":12},"end":{"line":64,"column":13}},"loc":{"start":{"line":64,"column":38},"end":{"line":69,"column":13}},"line":64},"10":{"name":"(anonymous_10)","decl":{"start":{"line":72,"column":17},"end":{"line":72,"column":18}},"loc":{"start":{"line":72,"column":40},"end":{"line":83,"column":5}},"line":72},"11":{"name":"(anonymous_11)","decl":{"start":{"line":76,"column":12},"end":{"line":76,"column":13}},"loc":{"start":{"line":76,"column":40},"end":{"line":81,"column":13}},"line":76}},"branchMap":{"0":{"loc":{"start":{"line":12,"column":16},"end":{"line":14,"column":17}},"type":"if","locations":[{"start":{"line":12,"column":16},"end":{"line":14,"column":17}},{"start":{},"end":{}}],"line":12},"1":{"loc":{"start":{"line":24,"column":16},"end":{"line":26,"column":17}},"type":"if","locations":[{"start":{"line":24,"column":16},"end":{"line":26,"column":17}},{"start":{},"end":{}}],"line":24},"2":{"loc":{"start":{"line":37,"column":16},"end":{"line":39,"column":17}},"type":"if","locations":[{"start":{"line":37,"column":16},"end":{"line":39,"column":17}},{"start":{},"end":{}}],"line":37},"3":{"loc":{"start":{"line":53,"column":16},"end":{"line":55,"column":17}},"type":"if","locations":[{"start":{"line":53,"column":16},"end":{"line":55,"column":17}},{"start":{},"end":{}}],"line":53},"4":{"loc":{"start":{"line":65,"column":16},"end":{"line":67,"column":17}},"type":"if","locations":[{"start":{"line":65,"column":16},"end":{"line":67,"column":17}},{"start":{},"end":{}}],"line":65},"5":{"loc":{"start":{"line":77,"column":16},"end":{"line":79,"column":17}},"type":"if","locations":[{"start":{"line":77,"column":16},"end":{"line":79,"column":17}},{"start":{},"end":{}}],"line":77}},"s":{"0":5,"1":5,"2":0,"3":0,"4":0,"5":0,"6":0,"7":0,"8":0,"9":0,"10":0,"11":0,"12":0,"13":0,"14":0,"15":0,"16":0,"17":0,"18":0,"19":0,"20":0,"21":0,"22":0,"23":0,"24":0,"25":0},"f":{"0":0,"1":0,"2":0,"3":0,"4":0,"5":0,"6":0,"7":0,"8":0,"9":0,"10":0,"11":0},"b":{"0":[0,0],"1":[0,0],"2":[0,0],"3":[0,0],"4":[0,0],"5":[0,0]},"_coverageSchema":"1a1c01bbd47fc00a2c39e90264f33305004495a9","hash":"78cf69cf2b920b802265f8a091cbc7031073d52f"}
,"/Users/apple/code/test_node_assignment/api/auditorium/auditorium.controller.js": {"path":"/Users/apple/code/test_node_assignment/api/auditorium/auditorium.controller.js","statementMap":{"0":{"start":{"line":1,"column":90},"end":{"line":1,"column":121}},"1":{"start":{"line":3,"column":0},"end":{"line":96,"column":1}},"2":{"start":{"line":5,"column":21},"end":{"line":5,"column":29}},"3":{"start":{"line":6,"column":8},"end":{"line":24,"column":11}},"4":{"start":{"line":7,"column":12},"end":{"line":13,"column":13}},"5":{"start":{"line":8,"column":16},"end":{"line":8,"column":33}},"6":{"start":{"line":9,"column":16},"end":{"line":12,"column":19}},"7":{"start":{"line":14,"column":12},"end":{"line":19,"column":13}},"8":{"start":{"line":15,"column":16},"end":{"line":18,"column":19}},"9":{"start":{"line":20,"column":12},"end":{"line":23,"column":15}},"10":{"start":{"line":27,"column":19},"end":{"line":27,"column":32}},"11":{"start":{"line":28,"column":8},"end":{"line":43,"column":11}},"12":{"start":{"line":29,"column":12},"end":{"line":32,"column":13}},"13":{"start":{"line":30,"column":16},"end":{"line":30,"column":33}},"14":{"start":{"line":31,"column":16},"end":{"line":31,"column":23}},"15":{"start":{"line":33,"column":12},"end":{"line":38,"column":13}},"16":{"start":{"line":34,"column":16},"end":{"line":37,"column":19}},"17":{"start":{"line":39,"column":12},"end":{"line":42,"column":15}},"18":{"start":{"line":46,"column":8},"end":{"line":55,"column":11}},"19":{"start":{"line":47,"column":12},"end":{"line":50,"column":13}},"20":{"start":{"line":48,"column":16},"end":{"line":48,"column":33}},"21":{"start":{"line":49,"column":16},"end":{"line":49,"column":23}},"22":{"start":{"line":51,"column":12},"end":{"line":54,"column":15}},"23":{"start":{"line":58,"column":21},"end":{"line":58,"column":29}},"24":{"start":{"line":59,"column":19},"end":{"line":59,"column":32}},"25":{"start":{"line":60,"column":8},"end":{"line":75,"column":11}},"26":{"start":{"line":61,"column":12},"end":{"line":64,"column":13}},"27":{"start":{"line":62,"column":16},"end":{"line":62,"column":33}},"28":{"start":{"line":63,"column":16},"end":{"line":63,"column":23}},"29":{"start":{"line":65,"column":12},"end":{"line":70,"column":13}},"30":{"start":{"line":66,"column":16},"end":{"line":69,"column":18}},"31":{"start":{"line":71,"column":12},"end":{"line":74,"column":15}},"32":{"start":{"line":78,"column":19},"end":{"line":78,"column":32}},"33":{"start":{"line":79,"column":8},"end":{"line":94,"column":11}},"34":{"start":{"line":80,"column":12},"end":{"line":83,"column":13}},"35":{"start":{"line":81,"column":16},"end":{"line":81,"column":33}},"36":{"start":{"line":82,"column":16},"end":{"line":82,"column":23}},"37":{"start":{"line":84,"column":12},"end":{"line":89,"column":13}},"38":{"start":{"line":85,"column":16},"end":{"line":88,"column":19}},"39":{"start":{"line":90,"column":12},"end":{"line":93,"column":15}}},"fnMap":{"0":{"name":"(anonymous_0)","decl":{"start":{"line":4,"column":19},"end":{"line":4,"column":20}},"loc":{"start":{"line":4,"column":30},"end":{"line":25,"column":5}},"line":4},"1":{"name":"(anonymous_1)","decl":{"start":{"line":6,"column":20},"end":{"line":6,"column":21}},"loc":{"start":{"line":6,"column":35},"end":{"line":24,"column":9}},"line":6},"2":{"name":"(anonymous_2)","decl":{"start":{"line":26,"column":24},"end":{"line":26,"column":25}},"loc":{"start":{"line":26,"column":37},"end":{"line":44,"column":5}},"line":26},"3":{"name":"(anonymous_3)","decl":{"start":{"line":28,"column":29},"end":{"line":28,"column":30}},"loc":{"start":{"line":28,"column":47},"end":{"line":43,"column":9}},"line":28},"4":{"name":"(anonymous_4)","decl":{"start":{"line":45,"column":20},"end":{"line":45,"column":21}},"loc":{"start":{"line":45,"column":33},"end":{"line":56,"column":5}},"line":45},"5":{"name":"(anonymous_5)","decl":{"start":{"line":46,"column":23},"end":{"line":46,"column":24}},"loc":{"start":{"line":46,"column":40},"end":{"line":55,"column":9}},"line":46},"6":{"name":"(anonymous_6)","decl":{"start":{"line":57,"column":23},"end":{"line":57,"column":24}},"loc":{"start":{"line":57,"column":35},"end":{"line":76,"column":5}},"line":57},"7":{"name":"(anonymous_7)","decl":{"start":{"line":60,"column":34},"end":{"line":60,"column":35}},"loc":{"start":{"line":60,"column":50},"end":{"line":75,"column":9}},"line":60},"8":{"name":"(anonymous_8)","decl":{"start":{"line":77,"column":23},"end":{"line":77,"column":24}},"loc":{"start":{"line":77,"column":36},"end":{"line":95,"column":5}},"line":77},"9":{"name":"(anonymous_9)","decl":{"start":{"line":79,"column":28},"end":{"line":79,"column":29}},"loc":{"start":{"line":79,"column":45},"end":{"line":94,"column":9}},"line":79}},"branchMap":{"0":{"loc":{"start":{"line":7,"column":12},"end":{"line":13,"column":13}},"type":"if","locations":[{"start":{"line":7,"column":12},"end":{"line":13,"column":13}},{"start":{},"end":{}}],"line":7},"1":{"loc":{"start":{"line":14,"column":12},"end":{"line":19,"column":13}},"type":"if","locations":[{"start":{"line":14,"column":12},"end":{"line":19,"column":13}},{"start":{},"end":{}}],"line":14},"2":{"loc":{"start":{"line":29,"column":12},"end":{"line":32,"column":13}},"type":"if","locations":[{"start":{"line":29,"column":12},"end":{"line":32,"column":13}},{"start":{},"end":{}}],"line":29},"3":{"loc":{"start":{"line":33,"column":12},"end":{"line":38,"column":13}},"type":"if","locations":[{"start":{"line":33,"column":12},"end":{"line":38,"column":13}},{"start":{},"end":{}}],"line":33},"4":{"loc":{"start":{"line":47,"column":12},"end":{"line":50,"column":13}},"type":"if","locations":[{"start":{"line":47,"column":12},"end":{"line":50,"column":13}},{"start":{},"end":{}}],"line":47},"5":{"loc":{"start":{"line":61,"column":12},"end":{"line":64,"column":13}},"type":"if","locations":[{"start":{"line":61,"column":12},"end":{"line":64,"column":13}},{"start":{},"end":{}}],"line":61},"6":{"loc":{"start":{"line":65,"column":12},"end":{"line":70,"column":13}},"type":"if","locations":[{"start":{"line":65,"column":12},"end":{"line":70,"column":13}},{"start":{},"end":{}}],"line":65},"7":{"loc":{"start":{"line":80,"column":12},"end":{"line":83,"column":13}},"type":"if","locations":[{"start":{"line":80,"column":12},"end":{"line":83,"column":13}},{"start":{},"end":{}}],"line":80},"8":{"loc":{"start":{"line":84,"column":12},"end":{"line":89,"column":13}},"type":"if","locations":[{"start":{"line":84,"column":12},"end":{"line":89,"column":13}},{"start":{},"end":{}}],"line":84}},"s":{"0":5,"1":5,"2":2,"3":2,"4":2,"5":2,"6":2,"7":0,"8":0,"9":0,"10":2,"11":2,"12":2,"13":0,"14":0,"15":2,"16":0,"17":2,"18":1,"19":1,"20":0,"21":0,"22":1,"23":2,"24":2,"25":2,"26":2,"27":0,"28":0,"29":2,"30":0,"31":2,"32":2,"33":2,"34":2,"35":0,"36":0,"37":2,"38":0,"39":2},"f":{"0":2,"1":2,"2":2,"3":2,"4":1,"5":1,"6":2,"7":2,"8":2,"9":2},"b":{"0":[2,0],"1":[0,0],"2":[0,2],"3":[0,2],"4":[0,1],"5":[0,2],"6":[0,2],"7":[0,2],"8":[0,2]},"_coverageSchema":"1a1c01bbd47fc00a2c39e90264f33305004495a9","hash":"112f7822cc626b1309067a7c8695539346ebef70"}
,"/Users/apple/code/test_node_assignment/api/auditorium/auditorium.router.js": {"path":"/Users/apple/code/test_node_assignment/api/auditorium/auditorium.router.js","statementMap":{"0":{"start":{"line":1,"column":97},"end":{"line":1,"column":131}},"1":{"start":{"line":2,"column":15},"end":{"line":2,"column":42}},"2":{"start":{"line":3,"column":28},"end":{"line":3,"column":65}},"3":{"start":{"line":5,"column":0},"end":{"line":5,"column":49}},"4":{"start":{"line":6,"column":0},"end":{"line":6,"column":49}},"5":{"start":{"line":7,"column":0},"end":{"line":7,"column":55}},"6":{"start":{"line":8,"column":0},"end":{"line":8,"column":56}},"7":{"start":{"line":9,"column":0},"end":{"line":9,"column":57}},"8":{"start":{"line":11,"column":0},"end":{"line":11,"column":24}}},"fnMap":{},"branchMap":{},"s":{"0":5,"1":5,"2":5,"3":5,"4":5,"5":5,"6":5,"7":5,"8":5},"f":{},"b":{},"_coverageSchema":"1a1c01bbd47fc00a2c39e90264f33305004495a9","hash":"d73eb88eeb30b7c515ea3ba7e75ec792d6fa6037"}
,"/Users/apple/code/test_node_assignment/api/auditorium/auditorium.service.js": {"path":"/Users/apple/code/test_node_assignment/api/auditorium/auditorium.service.js","statementMap":{"0":{"start":{"line":1,"column":13},"end":{"line":1,"column":45}},"1":{"start":{"line":3,"column":0},"end":{"line":72,"column":1}},"2":{"start":{"line":5,"column":8},"end":{"line":17,"column":10}},"3":{"start":{"line":12,"column":16},"end":{"line":14,"column":17}},"4":{"start":{"line":13,"column":20},"end":{"line":13,"column":42}},"5":{"start":{"line":15,"column":16},"end":{"line":15,"column":45}},"6":{"start":{"line":20,"column":8},"end":{"line":29,"column":10}},"7":{"start":{"line":24,"column":16},"end":{"line":26,"column":17}},"8":{"start":{"line":25,"column":20},"end":{"line":25,"column":43}},"9":{"start":{"line":27,"column":16},"end":{"line":27,"column":46}},"10":{"start":{"line":33,"column":8},"end":{"line":42,"column":10}},"11":{"start":{"line":37,"column":16},"end":{"line":39,"column":17}},"12":{"start":{"line":38,"column":20},"end":{"line":38,"column":43}},"13":{"start":{"line":40,"column":16},"end":{"line":40,"column":46}},"14":{"start":{"line":45,"column":8},"end":{"line":58,"column":9}},"15":{"start":{"line":53,"column":16},"end":{"line":55,"column":17}},"16":{"start":{"line":54,"column":20},"end":{"line":54,"column":43}},"17":{"start":{"line":56,"column":16},"end":{"line":56,"column":46}},"18":{"start":{"line":61,"column":8},"end":{"line":70,"column":9}},"19":{"start":{"line":65,"column":16},"end":{"line":67,"column":17}},"20":{"start":{"line":66,"column":20},"end":{"line":66,"column":43}},"21":{"start":{"line":68,"column":16},"end":{"line":68,"column":46}}},"fnMap":{"0":{"name":"(anonymous_0)","decl":{"start":{"line":4,"column":12},"end":{"line":4,"column":13}},"loc":{"start":{"line":4,"column":30},"end":{"line":18,"column":5}},"line":4},"1":{"name":"(anonymous_1)","decl":{"start":{"line":11,"column":12},"end":{"line":11,"column":13}},"loc":{"start":{"line":11,"column":39},"end":{"line":16,"column":13}},"line":11},"2":{"name":"(anonymous_2)","decl":{"start":{"line":19,"column":20},"end":{"line":19,"column":21}},"loc":{"start":{"line":19,"column":30},"end":{"line":31,"column":5}},"line":19},"3":{"name":"(anonymous_3)","decl":{"start":{"line":23,"column":12},"end":{"line":23,"column":13}},"loc":{"start":{"line":23,"column":38},"end":{"line":28,"column":13}},"line":23},"4":{"name":"(anonymous_4)","decl":{"start":{"line":32,"column":23},"end":{"line":32,"column":24}},"loc":{"start":{"line":32,"column":39},"end":{"line":43,"column":5}},"line":32},"5":{"name":"(anonymous_5)","decl":{"start":{"line":36,"column":12},"end":{"line":36,"column":13}},"loc":{"start":{"line":36,"column":38},"end":{"line":41,"column":13}},"line":36},"6":{"name":"(anonymous_6)","decl":{"start":{"line":44,"column":23},"end":{"line":44,"column":24}},"loc":{"start":{"line":44,"column":44},"end":{"line":59,"column":5}},"line":44},"7":{"name":"(anonymous_7)","decl":{"start":{"line":52,"column":12},"end":{"line":52,"column":13}},"loc":{"start":{"line":52,"column":40},"end":{"line":57,"column":13}},"line":52},"8":{"name":"(anonymous_8)","decl":{"start":{"line":60,"column":23},"end":{"line":60,"column":24}},"loc":{"start":{"line":60,"column":38},"end":{"line":71,"column":5}},"line":60},"9":{"name":"(anonymous_9)","decl":{"start":{"line":64,"column":12},"end":{"line":64,"column":13}},"loc":{"start":{"line":64,"column":38},"end":{"line":69,"column":13}},"line":64}},"branchMap":{"0":{"loc":{"start":{"line":12,"column":16},"end":{"line":14,"column":17}},"type":"if","locations":[{"start":{"line":12,"column":16},"end":{"line":14,"column":17}},{"start":{},"end":{}}],"line":12},"1":{"loc":{"start":{"line":24,"column":16},"end":{"line":26,"column":17}},"type":"if","locations":[{"start":{"line":24,"column":16},"end":{"line":26,"column":17}},{"start":{},"end":{}}],"line":24},"2":{"loc":{"start":{"line":37,"column":16},"end":{"line":39,"column":17}},"type":"if","locations":[{"start":{"line":37,"column":16},"end":{"line":39,"column":17}},{"start":{},"end":{}}],"line":37},"3":{"loc":{"start":{"line":53,"column":16},"end":{"line":55,"column":17}},"type":"if","locations":[{"start":{"line":53,"column":16},"end":{"line":55,"column":17}},{"start":{},"end":{}}],"line":53},"4":{"loc":{"start":{"line":65,"column":16},"end":{"line":67,"column":17}},"type":"if","locations":[{"start":{"line":65,"column":16},"end":{"line":67,"column":17}},{"start":{},"end":{}}],"line":65}},"s":{"0":5,"1":5,"2":2,"3":2,"4":2,"5":0,"6":1,"7":1,"8":0,"9":1,"10":2,"11":2,"12":0,"13":2,"14":2,"15":2,"16":0,"17":2,"18":2,"19":2,"20":0,"21":2},"f":{"0":2,"1":2,"2":1,"3":1,"4":2,"5":2,"6":2,"7":2,"8":2,"9":2},"b":{"0":[2,0],"1":[0,1],"2":[0,2],"3":[0,2],"4":[0,2]},"_coverageSchema":"1a1c01bbd47fc00a2c39e90264f33305004495a9","hash":"de64cd377b937c073b3ca1893af44817a3094169"}
,"/Users/apple/code/test_node_assignment/api/booking/booking.controller.js": {"path":"/Users/apple/code/test_node_assignment/api/booking/booking.controller.js","statementMap":{"0":{"start":{"line":1,"column":77},"end":{"line":1,"column":105}},"1":{"start":{"line":3,"column":0},"end":{"line":90,"column":1}},"2":{"start":{"line":5,"column":21},"end":{"line":5,"column":29}},"3":{"start":{"line":6,"column":8},"end":{"line":18,"column":11}},"4":{"start":{"line":7,"column":12},"end":{"line":13,"column":13}},"5":{"start":{"line":8,"column":16},"end":{"line":8,"column":33}},"6":{"start":{"line":9,"column":16},"end":{"line":12,"column":19}},"7":{"start":{"line":14,"column":12},"end":{"line":17,"column":15}},"8":{"start":{"line":21,"column":19},"end":{"line":21,"column":32}},"9":{"start":{"line":22,"column":8},"end":{"line":37,"column":11}},"10":{"start":{"line":23,"column":12},"end":{"line":26,"column":13}},"11":{"start":{"line":24,"column":16},"end":{"line":24,"column":33}},"12":{"start":{"line":25,"column":16},"end":{"line":25,"column":23}},"13":{"start":{"line":27,"column":12},"end":{"line":32,"column":13}},"14":{"start":{"line":28,"column":16},"end":{"line":31,"column":19}},"15":{"start":{"line":33,"column":12},"end":{"line":36,"column":15}},"16":{"start":{"line":40,"column":8},"end":{"line":49,"column":11}},"17":{"start":{"line":41,"column":12},"end":{"line":44,"column":13}},"18":{"start":{"line":42,"column":16},"end":{"line":42,"column":33}},"19":{"start":{"line":43,"column":16},"end":{"line":43,"column":23}},"20":{"start":{"line":45,"column":12},"end":{"line":48,"column":15}},"21":{"start":{"line":52,"column":21},"end":{"line":52,"column":29}},"22":{"start":{"line":53,"column":19},"end":{"line":53,"column":32}},"23":{"start":{"line":54,"column":8},"end":{"line":69,"column":11}},"24":{"start":{"line":55,"column":12},"end":{"line":58,"column":13}},"25":{"start":{"line":56,"column":16},"end":{"line":56,"column":33}},"26":{"start":{"line":57,"column":16},"end":{"line":57,"column":23}},"27":{"start":{"line":59,"column":12},"end":{"line":64,"column":13}},"28":{"start":{"line":60,"column":16},"end":{"line":63,"column":18}},"29":{"start":{"line":65,"column":12},"end":{"line":68,"column":15}},"30":{"start":{"line":72,"column":19},"end":{"line":72,"column":32}},"31":{"start":{"line":73,"column":8},"end":{"line":88,"column":11}},"32":{"start":{"line":74,"column":12},"end":{"line":77,"column":13}},"33":{"start":{"line":75,"column":16},"end":{"line":75,"column":33}},"34":{"start":{"line":76,"column":16},"end":{"line":76,"column":23}},"35":{"start":{"line":78,"column":12},"end":{"line":83,"column":13}},"36":{"start":{"line":79,"column":16},"end":{"line":82,"column":19}},"37":{"start":{"line":84,"column":12},"end":{"line":87,"column":15}}},"fnMap":{"0":{"name":"(anonymous_0)","decl":{"start":{"line":4,"column":16},"end":{"line":4,"column":17}},"loc":{"start":{"line":4,"column":27},"end":{"line":19,"column":5}},"line":4},"1":{"name":"(anonymous_1)","decl":{"start":{"line":6,"column":20},"end":{"line":6,"column":21}},"loc":{"start":{"line":6,"column":35},"end":{"line":18,"column":9}},"line":6},"2":{"name":"(anonymous_2)","decl":{"start":{"line":20,"column":21},"end":{"line":20,"column":22}},"loc":{"start":{"line":20,"column":34},"end":{"line":38,"column":5}},"line":20},"3":{"name":"(anonymous_3)","decl":{"start":{"line":22,"column":26},"end":{"line":22,"column":27}},"loc":{"start":{"line":22,"column":44},"end":{"line":37,"column":9}},"line":22},"4":{"name":"(anonymous_4)","decl":{"start":{"line":39,"column":16},"end":{"line":39,"column":17}},"loc":{"start":{"line":39,"column":29},"end":{"line":50,"column":5}},"line":39},"5":{"name":"(anonymous_5)","decl":{"start":{"line":40,"column":19},"end":{"line":40,"column":20}},"loc":{"start":{"line":40,"column":36},"end":{"line":49,"column":9}},"line":40},"6":{"name":"(anonymous_6)","decl":{"start":{"line":51,"column":20},"end":{"line":51,"column":21}},"loc":{"start":{"line":51,"column":32},"end":{"line":70,"column":5}},"line":51},"7":{"name":"(anonymous_7)","decl":{"start":{"line":54,"column":30},"end":{"line":54,"column":31}},"loc":{"start":{"line":54,"column":46},"end":{"line":69,"column":9}},"line":54},"8":{"name":"(anonymous_8)","decl":{"start":{"line":71,"column":20},"end":{"line":71,"column":21}},"loc":{"start":{"line":71,"column":33},"end":{"line":89,"column":5}},"line":71},"9":{"name":"(anonymous_9)","decl":{"start":{"line":73,"column":25},"end":{"line":73,"column":26}},"loc":{"start":{"line":73,"column":42},"end":{"line":88,"column":9}},"line":73}},"branchMap":{"0":{"loc":{"start":{"line":7,"column":12},"end":{"line":13,"column":13}},"type":"if","locations":[{"start":{"line":7,"column":12},"end":{"line":13,"column":13}},{"start":{},"end":{}}],"line":7},"1":{"loc":{"start":{"line":23,"column":12},"end":{"line":26,"column":13}},"type":"if","locations":[{"start":{"line":23,"column":12},"end":{"line":26,"column":13}},{"start":{},"end":{}}],"line":23},"2":{"loc":{"start":{"line":27,"column":12},"end":{"line":32,"column":13}},"type":"if","locations":[{"start":{"line":27,"column":12},"end":{"line":32,"column":13}},{"start":{},"end":{}}],"line":27},"3":{"loc":{"start":{"line":41,"column":12},"end":{"line":44,"column":13}},"type":"if","locations":[{"start":{"line":41,"column":12},"end":{"line":44,"column":13}},{"start":{},"end":{}}],"line":41},"4":{"loc":{"start":{"line":55,"column":12},"end":{"line":58,"column":13}},"type":"if","locations":[{"start":{"line":55,"column":12},"end":{"line":58,"column":13}},{"start":{},"end":{}}],"line":55},"5":{"loc":{"start":{"line":59,"column":12},"end":{"line":64,"column":13}},"type":"if","locations":[{"start":{"line":59,"column":12},"end":{"line":64,"column":13}},{"start":{},"end":{}}],"line":59},"6":{"loc":{"start":{"line":74,"column":12},"end":{"line":77,"column":13}},"type":"if","locations":[{"start":{"line":74,"column":12},"end":{"line":77,"column":13}},{"start":{},"end":{}}],"line":74},"7":{"loc":{"start":{"line":78,"column":12},"end":{"line":83,"column":13}},"type":"if","locations":[{"start":{"line":78,"column":12},"end":{"line":83,"column":13}},{"start":{},"end":{}}],"line":78}},"s":{"0":5,"1":5,"2":1,"3":1,"4":1,"5":1,"6":1,"7":0,"8":2,"9":2,"10":2,"11":0,"12":0,"13":2,"14":0,"15":2,"16":1,"17":1,"18":0,"19":0,"20":1,"21":2,"22":2,"23":2,"24":2,"25":0,"26":0,"27":2,"28":0,"29":2,"30":2,"31":2,"32":2,"33":0,"34":0,"35":2,"36":0,"37":2},"f":{"0":1,"1":1,"2":2,"3":2,"4":1,"5":1,"6":2,"7":2,"8":2,"9":2},"b":{"0":[1,0],"1":[0,2],"2":[0,2],"3":[0,1],"4":[0,2],"5":[0,2],"6":[0,2],"7":[0,2]},"_coverageSchema":"1a1c01bbd47fc00a2c39e90264f33305004495a9","hash":"919f6dd69432f1f1fe3a7cc2c0b9955a023e9878"}
,"/Users/apple/code/test_node_assignment/api/booking/booking.router.js": {"path":"/Users/apple/code/test_node_assignment/api/booking/booking.router.js","statementMap":{"0":{"start":{"line":1,"column":81},"end":{"line":1,"column":112}},"1":{"start":{"line":2,"column":15},"end":{"line":2,"column":42}},"2":{"start":{"line":3,"column":27},"end":{"line":3,"column":64}},"3":{"start":{"line":5,"column":0},"end":{"line":5,"column":45}},"4":{"start":{"line":6,"column":0},"end":{"line":6,"column":44}},"5":{"start":{"line":7,"column":0},"end":{"line":7,"column":51}},"6":{"start":{"line":8,"column":0},"end":{"line":8,"column":51}},"7":{"start":{"line":9,"column":0},"end":{"line":9,"column":52}},"8":{"start":{"line":11,"column":0},"end":{"line":11,"column":24}}},"fnMap":{},"branchMap":{},"s":{"0":5,"1":5,"2":5,"3":5,"4":5,"5":5,"6":5,"7":5,"8":5},"f":{},"b":{},"_coverageSchema":"1a1c01bbd47fc00a2c39e90264f33305004495a9","hash":"ab9c07367ad7b036c24f37f1c46d2b0b17e436c4"}
,"/Users/apple/code/test_node_assignment/api/booking/booking.service.js": {"path":"/Users/apple/code/test_node_assignment/api/booking/booking.service.js","statementMap":{"0":{"start":{"line":1,"column":13},"end":{"line":1,"column":45}},"1":{"start":{"line":3,"column":0},"end":{"line":76,"column":1}},"2":{"start":{"line":5,"column":8},"end":{"line":19,"column":10}},"3":{"start":{"line":14,"column":16},"end":{"line":16,"column":17}},"4":{"start":{"line":15,"column":20},"end":{"line":15,"column":42}},"5":{"start":{"line":17,"column":16},"end":{"line":17,"column":45}},"6":{"start":{"line":22,"column":8},"end":{"line":31,"column":10}},"7":{"start":{"line":26,"column":16},"end":{"line":28,"column":17}},"8":{"start":{"line":27,"column":20},"end":{"line":27,"column":43}},"9":{"start":{"line":29,"column":16},"end":{"line":29,"column":46}},"10":{"start":{"line":35,"column":8},"end":{"line":44,"column":10}},"11":{"start":{"line":39,"column":16},"end":{"line":41,"column":17}},"12":{"start":{"line":40,"column":20},"end":{"line":40,"column":43}},"13":{"start":{"line":42,"column":16},"end":{"line":42,"column":46}},"14":{"start":{"line":47,"column":8},"end":{"line":62,"column":9}},"15":{"start":{"line":57,"column":16},"end":{"line":59,"column":17}},"16":{"start":{"line":58,"column":20},"end":{"line":58,"column":43}},"17":{"start":{"line":60,"column":16},"end":{"line":60,"column":46}},"18":{"start":{"line":65,"column":8},"end":{"line":74,"column":9}},"19":{"start":{"line":69,"column":16},"end":{"line":71,"column":17}},"20":{"start":{"line":70,"column":20},"end":{"line":70,"column":43}},"21":{"start":{"line":72,"column":16},"end":{"line":72,"column":46}}},"fnMap":{"0":{"name":"(anonymous_0)","decl":{"start":{"line":4,"column":12},"end":{"line":4,"column":13}},"loc":{"start":{"line":4,"column":30},"end":{"line":20,"column":5}},"line":4},"1":{"name":"(anonymous_1)","decl":{"start":{"line":13,"column":12},"end":{"line":13,"column":13}},"loc":{"start":{"line":13,"column":39},"end":{"line":18,"column":13}},"line":13},"2":{"name":"(anonymous_2)","decl":{"start":{"line":21,"column":16},"end":{"line":21,"column":17}},"loc":{"start":{"line":21,"column":26},"end":{"line":33,"column":5}},"line":21},"3":{"name":"(anonymous_3)","decl":{"start":{"line":25,"column":12},"end":{"line":25,"column":13}},"loc":{"start":{"line":25,"column":38},"end":{"line":30,"column":13}},"line":25},"4":{"name":"(anonymous_4)","decl":{"start":{"line":34,"column":20},"end":{"line":34,"column":21}},"loc":{"start":{"line":34,"column":36},"end":{"line":45,"column":5}},"line":34},"5":{"name":"(anonymous_5)","decl":{"start":{"line":38,"column":12},"end":{"line":38,"column":13}},"loc":{"start":{"line":38,"column":38},"end":{"line":43,"column":13}},"line":38},"6":{"name":"(anonymous_6)","decl":{"start":{"line":46,"column":20},"end":{"line":46,"column":21}},"loc":{"start":{"line":46,"column":41},"end":{"line":63,"column":5}},"line":46},"7":{"name":"(anonymous_7)","decl":{"start":{"line":56,"column":12},"end":{"line":56,"column":13}},"loc":{"start":{"line":56,"column":40},"end":{"line":61,"column":13}},"line":56},"8":{"name":"(anonymous_8)","decl":{"start":{"line":64,"column":20},"end":{"line":64,"column":21}},"loc":{"start":{"line":64,"column":35},"end":{"line":75,"column":5}},"line":64},"9":{"name":"(anonymous_9)","decl":{"start":{"line":68,"column":12},"end":{"line":68,"column":13}},"loc":{"start":{"line":68,"column":38},"end":{"line":73,"column":13}},"line":68}},"branchMap":{"0":{"loc":{"start":{"line":14,"column":16},"end":{"line":16,"column":17}},"type":"if","locations":[{"start":{"line":14,"column":16},"end":{"line":16,"column":17}},{"start":{},"end":{}}],"line":14},"1":{"loc":{"start":{"line":26,"column":16},"end":{"line":28,"column":17}},"type":"if","locations":[{"start":{"line":26,"column":16},"end":{"line":28,"column":17}},{"start":{},"end":{}}],"line":26},"2":{"loc":{"start":{"line":39,"column":16},"end":{"line":41,"column":17}},"type":"if","locations":[{"start":{"line":39,"column":16},"end":{"line":41,"column":17}},{"start":{},"end":{}}],"line":39},"3":{"loc":{"start":{"line":57,"column":16},"end":{"line":59,"column":17}},"type":"if","locations":[{"start":{"line":57,"column":16},"end":{"line":59,"column":17}},{"start":{},"end":{}}],"line":57},"4":{"loc":{"start":{"line":69,"column":16},"end":{"line":71,"column":17}},"type":"if","locations":[{"start":{"line":69,"column":16},"end":{"line":71,"column":17}},{"start":{},"end":{}}],"line":69}},"s":{"0":5,"1":5,"2":1,"3":1,"4":1,"5":0,"6":1,"7":1,"8":0,"9":1,"10":2,"11":2,"12":0,"13":2,"14":2,"15":2,"16":0,"17":2,"18":2,"19":2,"20":0,"21":2},"f":{"0":1,"1":1,"2":1,"3":1,"4":2,"5":2,"6":2,"7":2,"8":2,"9":2},"b":{"0":[1,0],"1":[0,1],"2":[0,2],"3":[0,2],"4":[0,2]},"_coverageSchema":"1a1c01bbd47fc00a2c39e90264f33305004495a9","hash":"d953663fc1a87a2cbe213b05e522661d2a254074"}
,"/Users/apple/code/test_node_assignment/api/movie/movie.controller.js": {"path":"/Users/apple/code/test_node_assignment/api/movie/movie.controller.js","statementMap":{"0":{"start":{"line":1,"column":72},"end":{"line":1,"column":98}},"1":{"start":{"line":3,"column":0},"end":{"line":84,"column":1}},"2":{"start":{"line":5,"column":21},"end":{"line":5,"column":29}},"3":{"start":{"line":6,"column":8},"end":{"line":18,"column":11}},"4":{"start":{"line":7,"column":12},"end":{"line":13,"column":13}},"5":{"start":{"line":8,"column":16},"end":{"line":8,"column":33}},"6":{"start":{"line":9,"column":16},"end":{"line":12,"column":19}},"7":{"start":{"line":14,"column":12},"end":{"line":17,"column":15}},"8":{"start":{"line":21,"column":19},"end":{"line":21,"column":32}},"9":{"start":{"line":22,"column":8},"end":{"line":31,"column":11}},"10":{"start":{"line":23,"column":12},"end":{"line":26,"column":13}},"11":{"start":{"line":24,"column":16},"end":{"line":24,"column":33}},"12":{"start":{"line":25,"column":16},"end":{"line":25,"column":23}},"13":{"start":{"line":27,"column":12},"end":{"line":30,"column":15}},"14":{"start":{"line":34,"column":8},"end":{"line":43,"column":11}},"15":{"start":{"line":35,"column":12},"end":{"line":38,"column":13}},"16":{"start":{"line":36,"column":16},"end":{"line":36,"column":33}},"17":{"start":{"line":37,"column":16},"end":{"line":37,"column":23}},"18":{"start":{"line":39,"column":12},"end":{"line":42,"column":15}},"19":{"start":{"line":46,"column":21},"end":{"line":46,"column":29}},"20":{"start":{"line":47,"column":19},"end":{"line":47,"column":32}},"21":{"start":{"line":48,"column":8},"end":{"line":63,"column":11}},"22":{"start":{"line":49,"column":12},"end":{"line":52,"column":13}},"23":{"start":{"line":50,"column":16},"end":{"line":50,"column":33}},"24":{"start":{"line":51,"column":16},"end":{"line":51,"column":23}},"25":{"start":{"line":53,"column":12},"end":{"line":58,"column":13}},"26":{"start":{"line":54,"column":16},"end":{"line":57,"column":18}},"27":{"start":{"line":59,"column":12},"end":{"line":62,"column":15}},"28":{"start":{"line":66,"column":19},"end":{"line":66,"column":32}},"29":{"start":{"line":67,"column":8},"end":{"line":82,"column":11}},"30":{"start":{"line":68,"column":12},"end":{"line":71,"column":13}},"31":{"start":{"line":69,"column":16},"end":{"line":69,"column":33}},"32":{"start":{"line":70,"column":16},"end":{"line":70,"column":23}},"33":{"start":{"line":72,"column":12},"end":{"line":77,"column":13}},"34":{"start":{"line":73,"column":16},"end":{"line":76,"column":19}},"35":{"start":{"line":78,"column":12},"end":{"line":81,"column":15}}},"fnMap":{"0":{"name":"(anonymous_0)","decl":{"start":{"line":4,"column":17},"end":{"line":4,"column":18}},"loc":{"start":{"line":4,"column":28},"end":{"line":19,"column":5}},"line":4},"1":{"name":"(anonymous_1)","decl":{"start":{"line":6,"column":20},"end":{"line":6,"column":21}},"loc":{"start":{"line":6,"column":35},"end":{"line":18,"column":9}},"line":6},"2":{"name":"(anonymous_2)","decl":{"start":{"line":20,"column":20},"end":{"line":20,"column":21}},"loc":{"start":{"line":20,"column":33},"end":{"line":32,"column":5}},"line":20},"3":{"name":"(anonymous_3)","decl":{"start":{"line":22,"column":25},"end":{"line":22,"column":26}},"loc":{"start":{"line":22,"column":43},"end":{"line":31,"column":9}},"line":22},"4":{"name":"(anonymous_4)","decl":{"start":{"line":33,"column":15},"end":{"line":33,"column":16}},"loc":{"start":{"line":33,"column":28},"end":{"line":44,"column":5}},"line":33},"5":{"name":"(anonymous_5)","decl":{"start":{"line":34,"column":18},"end":{"line":34,"column":19}},"loc":{"start":{"line":34,"column":35},"end":{"line":43,"column":9}},"line":34},"6":{"name":"(anonymous_6)","decl":{"start":{"line":45,"column":19},"end":{"line":45,"column":20}},"loc":{"start":{"line":45,"column":31},"end":{"line":64,"column":5}},"line":45},"7":{"name":"(anonymous_7)","decl":{"start":{"line":48,"column":29},"end":{"line":48,"column":30}},"loc":{"start":{"line":48,"column":45},"end":{"line":63,"column":9}},"line":48},"8":{"name":"(anonymous_8)","decl":{"start":{"line":65,"column":18},"end":{"line":65,"column":19}},"loc":{"start":{"line":65,"column":31},"end":{"line":83,"column":5}},"line":65},"9":{"name":"(anonymous_9)","decl":{"start":{"line":67,"column":23},"end":{"line":67,"column":24}},"loc":{"start":{"line":67,"column":40},"end":{"line":82,"column":9}},"line":67}},"branchMap":{"0":{"loc":{"start":{"line":7,"column":12},"end":{"line":13,"column":13}},"type":"if","locations":[{"start":{"line":7,"column":12},"end":{"line":13,"column":13}},{"start":{},"end":{}}],"line":7},"1":{"loc":{"start":{"line":23,"column":12},"end":{"line":26,"column":13}},"type":"if","locations":[{"start":{"line":23,"column":12},"end":{"line":26,"column":13}},{"start":{},"end":{}}],"line":23},"2":{"loc":{"start":{"line":35,"column":12},"end":{"line":38,"column":13}},"type":"if","locations":[{"start":{"line":35,"column":12},"end":{"line":38,"column":13}},{"start":{},"end":{}}],"line":35},"3":{"loc":{"start":{"line":49,"column":12},"end":{"line":52,"column":13}},"type":"if","locations":[{"start":{"line":49,"column":12},"end":{"line":52,"column":13}},{"start":{},"end":{}}],"line":49},"4":{"loc":{"start":{"line":53,"column":12},"end":{"line":58,"column":13}},"type":"if","locations":[{"start":{"line":53,"column":12},"end":{"line":58,"column":13}},{"start":{},"end":{}}],"line":53},"5":{"loc":{"start":{"line":68,"column":12},"end":{"line":71,"column":13}},"type":"if","locations":[{"start":{"line":68,"column":12},"end":{"line":71,"column":13}},{"start":{},"end":{}}],"line":68},"6":{"loc":{"start":{"line":72,"column":12},"end":{"line":77,"column":13}},"type":"if","locations":[{"start":{"line":72,"column":12},"end":{"line":77,"column":13}},{"start":{},"end":{}}],"line":72}},"s":{"0":5,"1":5,"2":2,"3":2,"4":2,"5":2,"6":2,"7":0,"8":0,"9":0,"10":0,"11":0,"12":0,"13":0,"14":1,"15":1,"16":0,"17":0,"18":1,"19":0,"20":0,"21":0,"22":0,"23":0,"24":0,"25":0,"26":0,"27":0,"28":2,"29":2,"30":2,"31":0,"32":0,"33":2,"34":0,"35":2},"f":{"0":2,"1":2,"2":0,"3":0,"4":1,"5":1,"6":0,"7":0,"8":2,"9":2},"b":{"0":[2,0],"1":[0,0],"2":[0,1],"3":[0,0],"4":[0,0],"5":[0,2],"6":[0,2]},"_coverageSchema":"1a1c01bbd47fc00a2c39e90264f33305004495a9","hash":"88c9ca44ef77a50fd1734c5c17a932c89610594c"}
,"/Users/apple/code/test_node_assignment/api/movie/movie.router.js": {"path":"/Users/apple/code/test_node_assignment/api/movie/movie.router.js","statementMap":{"0":{"start":{"line":1,"column":77},"end":{"line":1,"column":106}},"1":{"start":{"line":2,"column":15},"end":{"line":2,"column":42}},"2":{"start":{"line":3,"column":28},"end":{"line":3,"column":65}},"3":{"start":{"line":5,"column":0},"end":{"line":5,"column":46}},"4":{"start":{"line":6,"column":0},"end":{"line":6,"column":44}},"5":{"start":{"line":7,"column":0},"end":{"line":7,"column":51}},"6":{"start":{"line":8,"column":0},"end":{"line":8,"column":52}},"7":{"start":{"line":9,"column":0},"end":{"line":9,"column":52}},"8":{"start":{"line":11,"column":0},"end":{"line":11,"column":24}}},"fnMap":{},"branchMap":{},"s":{"0":5,"1":5,"2":5,"3":5,"4":5,"5":5,"6":5,"7":5,"8":5},"f":{},"b":{},"_coverageSchema":"1a1c01bbd47fc00a2c39e90264f33305004495a9","hash":"a7ef37f6b33e5ba9c1301968adf5cd37e4ab73b6"}
,"/Users/apple/code/test_node_assignment/api/movie/movie.service.js": {"path":"/Users/apple/code/test_node_assignment/api/movie/movie.service.js","statementMap":{"0":{"start":{"line":1,"column":13},"end":{"line":1,"column":45}},"1":{"start":{"line":3,"column":0},"end":{"line":78,"column":1}},"2":{"start":{"line":5,"column":8},"end":{"line":20,"column":10}},"3":{"start":{"line":15,"column":16},"end":{"line":17,"column":17}},"4":{"start":{"line":16,"column":20},"end":{"line":16,"column":42}},"5":{"start":{"line":18,"column":16},"end":{"line":18,"column":45}},"6":{"start":{"line":23,"column":8},"end":{"line":32,"column":10}},"7":{"start":{"line":27,"column":16},"end":{"line":29,"column":17}},"8":{"start":{"line":28,"column":20},"end":{"line":28,"column":43}},"9":{"start":{"line":30,"column":16},"end":{"line":30,"column":46}},"10":{"start":{"line":36,"column":8},"end":{"line":45,"column":10}},"11":{"start":{"line":40,"column":16},"end":{"line":42,"column":17}},"12":{"start":{"line":41,"column":20},"end":{"line":41,"column":43}},"13":{"start":{"line":43,"column":16},"end":{"line":43,"column":46}},"14":{"start":{"line":48,"column":8},"end":{"line":64,"column":9}},"15":{"start":{"line":59,"column":16},"end":{"line":61,"column":17}},"16":{"start":{"line":60,"column":20},"end":{"line":60,"column":43}},"17":{"start":{"line":62,"column":16},"end":{"line":62,"column":46}},"18":{"start":{"line":67,"column":8},"end":{"line":76,"column":9}},"19":{"start":{"line":71,"column":16},"end":{"line":73,"column":17}},"20":{"start":{"line":72,"column":20},"end":{"line":72,"column":43}},"21":{"start":{"line":74,"column":16},"end":{"line":74,"column":46}}},"fnMap":{"0":{"name":"(anonymous_0)","decl":{"start":{"line":4,"column":12},"end":{"line":4,"column":13}},"loc":{"start":{"line":4,"column":30},"end":{"line":21,"column":5}},"line":4},"1":{"name":"(anonymous_1)","decl":{"start":{"line":14,"column":12},"end":{"line":14,"column":13}},"loc":{"start":{"line":14,"column":39},"end":{"line":19,"column":13}},"line":14},"2":{"name":"(anonymous_2)","decl":{"start":{"line":22,"column":15},"end":{"line":22,"column":16}},"loc":{"start":{"line":22,"column":25},"end":{"line":34,"column":5}},"line":22},"3":{"name":"(anonymous_3)","decl":{"start":{"line":26,"column":12},"end":{"line":26,"column":13}},"loc":{"start":{"line":26,"column":38},"end":{"line":31,"column":13}},"line":26},"4":{"name":"(anonymous_4)","decl":{"start":{"line":35,"column":19},"end":{"line":35,"column":20}},"loc":{"start":{"line":35,"column":35},"end":{"line":46,"column":5}},"line":35},"5":{"name":"(anonymous_5)","decl":{"start":{"line":39,"column":12},"end":{"line":39,"column":13}},"loc":{"start":{"line":39,"column":38},"end":{"line":44,"column":13}},"line":39},"6":{"name":"(anonymous_6)","decl":{"start":{"line":47,"column":19},"end":{"line":47,"column":20}},"loc":{"start":{"line":47,"column":40},"end":{"line":65,"column":5}},"line":47},"7":{"name":"(anonymous_7)","decl":{"start":{"line":58,"column":12},"end":{"line":58,"column":13}},"loc":{"start":{"line":58,"column":40},"end":{"line":63,"column":13}},"line":58},"8":{"name":"(anonymous_8)","decl":{"start":{"line":66,"column":18},"end":{"line":66,"column":19}},"loc":{"start":{"line":66,"column":33},"end":{"line":77,"column":5}},"line":66},"9":{"name":"(anonymous_9)","decl":{"start":{"line":70,"column":12},"end":{"line":70,"column":13}},"loc":{"start":{"line":70,"column":38},"end":{"line":75,"column":13}},"line":70}},"branchMap":{"0":{"loc":{"start":{"line":15,"column":16},"end":{"line":17,"column":17}},"type":"if","locations":[{"start":{"line":15,"column":16},"end":{"line":17,"column":17}},{"start":{},"end":{}}],"line":15},"1":{"loc":{"start":{"line":27,"column":16},"end":{"line":29,"column":17}},"type":"if","locations":[{"start":{"line":27,"column":16},"end":{"line":29,"column":17}},{"start":{},"end":{}}],"line":27},"2":{"loc":{"start":{"line":40,"column":16},"end":{"line":42,"column":17}},"type":"if","locations":[{"start":{"line":40,"column":16},"end":{"line":42,"column":17}},{"start":{},"end":{}}],"line":40},"3":{"loc":{"start":{"line":59,"column":16},"end":{"line":61,"column":17}},"type":"if","locations":[{"start":{"line":59,"column":16},"end":{"line":61,"column":17}},{"start":{},"end":{}}],"line":59},"4":{"loc":{"start":{"line":71,"column":16},"end":{"line":73,"column":17}},"type":"if","locations":[{"start":{"line":71,"column":16},"end":{"line":73,"column":17}},{"start":{},"end":{}}],"line":71}},"s":{"0":5,"1":5,"2":2,"3":2,"4":2,"5":0,"6":1,"7":1,"8":0,"9":1,"10":0,"11":0,"12":0,"13":0,"14":0,"15":0,"16":0,"17":0,"18":2,"19":2,"20":0,"21":2},"f":{"0":2,"1":2,"2":1,"3":1,"4":0,"5":0,"6":0,"7":0,"8":2,"9":2},"b":{"0":[2,0],"1":[0,1],"2":[0,0],"3":[0,0],"4":[0,2]},"_coverageSchema":"1a1c01bbd47fc00a2c39e90264f33305004495a9","hash":"da12aa0a1573eab8afc9744b11777282dd322d25"}
,"/Users/apple/code/test_node_assignment/api/shows/shows.controller.js": {"path":"/Users/apple/code/test_node_assignment/api/shows/shows.controller.js","statementMap":{"0":{"start":{"line":1,"column":69},"end":{"line":1,"column":95}},"1":{"start":{"line":3,"column":0},"end":{"line":90,"column":1}},"2":{"start":{"line":5,"column":21},"end":{"line":5,"column":29}},"3":{"start":{"line":6,"column":8},"end":{"line":18,"column":11}},"4":{"start":{"line":7,"column":12},"end":{"line":13,"column":13}},"5":{"start":{"line":8,"column":16},"end":{"line":8,"column":33}},"6":{"start":{"line":9,"column":16},"end":{"line":12,"column":19}},"7":{"start":{"line":14,"column":12},"end":{"line":17,"column":15}},"8":{"start":{"line":21,"column":19},"end":{"line":21,"column":32}},"9":{"start":{"line":22,"column":8},"end":{"line":37,"column":11}},"10":{"start":{"line":23,"column":12},"end":{"line":26,"column":13}},"11":{"start":{"line":24,"column":16},"end":{"line":24,"column":33}},"12":{"start":{"line":25,"column":16},"end":{"line":25,"column":23}},"13":{"start":{"line":27,"column":12},"end":{"line":32,"column":13}},"14":{"start":{"line":28,"column":16},"end":{"line":31,"column":19}},"15":{"start":{"line":33,"column":12},"end":{"line":36,"column":15}},"16":{"start":{"line":40,"column":8},"end":{"line":49,"column":11}},"17":{"start":{"line":41,"column":12},"end":{"line":44,"column":13}},"18":{"start":{"line":42,"column":16},"end":{"line":42,"column":33}},"19":{"start":{"line":43,"column":16},"end":{"line":43,"column":23}},"20":{"start":{"line":45,"column":12},"end":{"line":48,"column":15}},"21":{"start":{"line":52,"column":21},"end":{"line":52,"column":29}},"22":{"start":{"line":53,"column":19},"end":{"line":53,"column":32}},"23":{"start":{"line":54,"column":8},"end":{"line":69,"column":11}},"24":{"start":{"line":55,"column":12},"end":{"line":58,"column":13}},"25":{"start":{"line":56,"column":16},"end":{"line":56,"column":33}},"26":{"start":{"line":57,"column":16},"end":{"line":57,"column":23}},"27":{"start":{"line":59,"column":12},"end":{"line":64,"column":13}},"28":{"start":{"line":60,"column":16},"end":{"line":63,"column":18}},"29":{"start":{"line":65,"column":12},"end":{"line":68,"column":15}},"30":{"start":{"line":72,"column":19},"end":{"line":72,"column":32}},"31":{"start":{"line":73,"column":8},"end":{"line":88,"column":11}},"32":{"start":{"line":74,"column":12},"end":{"line":77,"column":13}},"33":{"start":{"line":75,"column":16},"end":{"line":75,"column":33}},"34":{"start":{"line":76,"column":16},"end":{"line":76,"column":23}},"35":{"start":{"line":78,"column":12},"end":{"line":83,"column":13}},"36":{"start":{"line":79,"column":16},"end":{"line":82,"column":19}},"37":{"start":{"line":84,"column":12},"end":{"line":87,"column":15}}},"fnMap":{"0":{"name":"(anonymous_0)","decl":{"start":{"line":4,"column":14},"end":{"line":4,"column":15}},"loc":{"start":{"line":4,"column":25},"end":{"line":19,"column":5}},"line":4},"1":{"name":"(anonymous_1)","decl":{"start":{"line":6,"column":20},"end":{"line":6,"column":21}},"loc":{"start":{"line":6,"column":35},"end":{"line":18,"column":9}},"line":6},"2":{"name":"(anonymous_2)","decl":{"start":{"line":20,"column":19},"end":{"line":20,"column":20}},"loc":{"start":{"line":20,"column":32},"end":{"line":38,"column":5}},"line":20},"3":{"name":"(anonymous_3)","decl":{"start":{"line":22,"column":24},"end":{"line":22,"column":25}},"loc":{"start":{"line":22,"column":42},"end":{"line":37,"column":9}},"line":22},"4":{"name":"(anonymous_4)","decl":{"start":{"line":39,"column":14},"end":{"line":39,"column":15}},"loc":{"start":{"line":39,"column":27},"end":{"line":50,"column":5}},"line":39},"5":{"name":"(anonymous_5)","decl":{"start":{"line":40,"column":17},"end":{"line":40,"column":18}},"loc":{"start":{"line":40,"column":34},"end":{"line":49,"column":9}},"line":40},"6":{"name":"(anonymous_6)","decl":{"start":{"line":51,"column":18},"end":{"line":51,"column":19}},"loc":{"start":{"line":51,"column":30},"end":{"line":70,"column":5}},"line":51},"7":{"name":"(anonymous_7)","decl":{"start":{"line":54,"column":28},"end":{"line":54,"column":29}},"loc":{"start":{"line":54,"column":44},"end":{"line":69,"column":9}},"line":54},"8":{"name":"(anonymous_8)","decl":{"start":{"line":71,"column":18},"end":{"line":71,"column":19}},"loc":{"start":{"line":71,"column":31},"end":{"line":89,"column":5}},"line":71},"9":{"name":"(anonymous_9)","decl":{"start":{"line":73,"column":23},"end":{"line":73,"column":24}},"loc":{"start":{"line":73,"column":40},"end":{"line":88,"column":9}},"line":73}},"branchMap":{"0":{"loc":{"start":{"line":7,"column":12},"end":{"line":13,"column":13}},"type":"if","locations":[{"start":{"line":7,"column":12},"end":{"line":13,"column":13}},{"start":{},"end":{}}],"line":7},"1":{"loc":{"start":{"line":23,"column":12},"end":{"line":26,"column":13}},"type":"if","locations":[{"start":{"line":23,"column":12},"end":{"line":26,"column":13}},{"start":{},"end":{}}],"line":23},"2":{"loc":{"start":{"line":27,"column":12},"end":{"line":32,"column":13}},"type":"if","locations":[{"start":{"line":27,"column":12},"end":{"line":32,"column":13}},{"start":{},"end":{}}],"line":27},"3":{"loc":{"start":{"line":41,"column":12},"end":{"line":44,"column":13}},"type":"if","locations":[{"start":{"line":41,"column":12},"end":{"line":44,"column":13}},{"start":{},"end":{}}],"line":41},"4":{"loc":{"start":{"line":55,"column":12},"end":{"line":58,"column":13}},"type":"if","locations":[{"start":{"line":55,"column":12},"end":{"line":58,"column":13}},{"start":{},"end":{}}],"line":55},"5":{"loc":{"start":{"line":59,"column":12},"end":{"line":64,"column":13}},"type":"if","locations":[{"start":{"line":59,"column":12},"end":{"line":64,"column":13}},{"start":{},"end":{}}],"line":59},"6":{"loc":{"start":{"line":74,"column":12},"end":{"line":77,"column":13}},"type":"if","locations":[{"start":{"line":74,"column":12},"end":{"line":77,"column":13}},{"start":{},"end":{}}],"line":74},"7":{"loc":{"start":{"line":78,"column":12},"end":{"line":83,"column":13}},"type":"if","locations":[{"start":{"line":78,"column":12},"end":{"line":83,"column":13}},{"start":{},"end":{}}],"line":78}},"s":{"0":5,"1":5,"2":2,"3":2,"4":2,"5":2,"6":2,"7":0,"8":2,"9":2,"10":2,"11":0,"12":0,"13":2,"14":0,"15":2,"16":1,"17":1,"18":0,"19":0,"20":1,"21":0,"22":0,"23":0,"24":0,"25":0,"26":0,"27":0,"28":0,"29":0,"30":2,"31":2,"32":2,"33":0,"34":0,"35":2,"36":0,"37":2},"f":{"0":2,"1":2,"2":2,"3":2,"4":1,"5":1,"6":0,"7":0,"8":2,"9":2},"b":{"0":[2,0],"1":[0,2],"2":[0,2],"3":[0,1],"4":[0,0],"5":[0,0],"6":[0,2],"7":[0,2]},"_coverageSchema":"1a1c01bbd47fc00a2c39e90264f33305004495a9","hash":"097b9c28e6fa70cf5995c2c81aec3f021716e816"}
,"/Users/apple/code/test_node_assignment/api/shows/shows.router.js": {"path":"/Users/apple/code/test_node_assignment/api/shows/shows.router.js","statementMap":{"0":{"start":{"line":1,"column":71},"end":{"line":1,"column":100}},"1":{"start":{"line":2,"column":15},"end":{"line":2,"column":42}},"2":{"start":{"line":3,"column":28},"end":{"line":3,"column":65}},"3":{"start":{"line":5,"column":0},"end":{"line":5,"column":44}},"4":{"start":{"line":6,"column":0},"end":{"line":6,"column":43}},"5":{"start":{"line":7,"column":0},"end":{"line":7,"column":49}},"6":{"start":{"line":8,"column":0},"end":{"line":8,"column":51}},"7":{"start":{"line":9,"column":0},"end":{"line":9,"column":52}},"8":{"start":{"line":11,"column":0},"end":{"line":11,"column":24}}},"fnMap":{},"branchMap":{},"s":{"0":5,"1":5,"2":5,"3":5,"4":5,"5":5,"6":5,"7":5,"8":5},"f":{},"b":{},"_coverageSchema":"1a1c01bbd47fc00a2c39e90264f33305004495a9","hash":"89df632300fab1d2620e874adbd9c47db81fbc50"}
,"/Users/apple/code/test_node_assignment/api/shows/shows.service.js": {"path":"/Users/apple/code/test_node_assignment/api/shows/shows.service.js","statementMap":{"0":{"start":{"line":1,"column":13},"end":{"line":1,"column":45}},"1":{"start":{"line":3,"column":0},"end":{"line":75,"column":1}},"2":{"start":{"line":5,"column":8},"end":{"line":19,"column":10}},"3":{"start":{"line":14,"column":16},"end":{"line":16,"column":17}},"4":{"start":{"line":15,"column":20},"end":{"line":15,"column":42}},"5":{"start":{"line":17,"column":16},"end":{"line":17,"column":45}},"6":{"start":{"line":22,"column":8},"end":{"line":31,"column":10}},"7":{"start":{"line":26,"column":16},"end":{"line":28,"column":17}},"8":{"start":{"line":27,"column":20},"end":{"line":27,"column":43}},"9":{"start":{"line":29,"column":16},"end":{"line":29,"column":46}},"10":{"start":{"line":35,"column":8},"end":{"line":44,"column":10}},"11":{"start":{"line":39,"column":16},"end":{"line":41,"column":17}},"12":{"start":{"line":40,"column":20},"end":{"line":40,"column":43}},"13":{"start":{"line":42,"column":16},"end":{"line":42,"column":46}},"14":{"start":{"line":47,"column":8},"end":{"line":61,"column":9}},"15":{"start":{"line":56,"column":16},"end":{"line":58,"column":17}},"16":{"start":{"line":57,"column":20},"end":{"line":57,"column":43}},"17":{"start":{"line":59,"column":16},"end":{"line":59,"column":46}},"18":{"start":{"line":64,"column":8},"end":{"line":73,"column":9}},"19":{"start":{"line":68,"column":16},"end":{"line":70,"column":17}},"20":{"start":{"line":69,"column":20},"end":{"line":69,"column":43}},"21":{"start":{"line":71,"column":16},"end":{"line":71,"column":46}}},"fnMap":{"0":{"name":"(anonymous_0)","decl":{"start":{"line":4,"column":12},"end":{"line":4,"column":13}},"loc":{"start":{"line":4,"column":30},"end":{"line":20,"column":5}},"line":4},"1":{"name":"(anonymous_1)","decl":{"start":{"line":13,"column":12},"end":{"line":13,"column":13}},"loc":{"start":{"line":13,"column":39},"end":{"line":18,"column":13}},"line":13},"2":{"name":"(anonymous_2)","decl":{"start":{"line":21,"column":14},"end":{"line":21,"column":15}},"loc":{"start":{"line":21,"column":24},"end":{"line":33,"column":5}},"line":21},"3":{"name":"(anonymous_3)","decl":{"start":{"line":25,"column":12},"end":{"line":25,"column":13}},"loc":{"start":{"line":25,"column":38},"end":{"line":30,"column":13}},"line":25},"4":{"name":"(anonymous_4)","decl":{"start":{"line":34,"column":18},"end":{"line":34,"column":19}},"loc":{"start":{"line":34,"column":34},"end":{"line":45,"column":5}},"line":34},"5":{"name":"(anonymous_5)","decl":{"start":{"line":38,"column":12},"end":{"line":38,"column":13}},"loc":{"start":{"line":38,"column":38},"end":{"line":43,"column":13}},"line":38},"6":{"name":"(anonymous_6)","decl":{"start":{"line":46,"column":18},"end":{"line":46,"column":19}},"loc":{"start":{"line":46,"column":39},"end":{"line":62,"column":5}},"line":46},"7":{"name":"(anonymous_7)","decl":{"start":{"line":55,"column":12},"end":{"line":55,"column":13}},"loc":{"start":{"line":55,"column":40},"end":{"line":60,"column":13}},"line":55},"8":{"name":"(anonymous_8)","decl":{"start":{"line":63,"column":18},"end":{"line":63,"column":19}},"loc":{"start":{"line":63,"column":33},"end":{"line":74,"column":5}},"line":63},"9":{"name":"(anonymous_9)","decl":{"start":{"line":67,"column":12},"end":{"line":67,"column":13}},"loc":{"start":{"line":67,"column":38},"end":{"line":72,"column":13}},"line":67}},"branchMap":{"0":{"loc":{"start":{"line":14,"column":16},"end":{"line":16,"column":17}},"type":"if","locations":[{"start":{"line":14,"column":16},"end":{"line":16,"column":17}},{"start":{},"end":{}}],"line":14},"1":{"loc":{"start":{"line":26,"column":16},"end":{"line":28,"column":17}},"type":"if","locations":[{"start":{"line":26,"column":16},"end":{"line":28,"column":17}},{"start":{},"end":{}}],"line":26},"2":{"loc":{"start":{"line":39,"column":16},"end":{"line":41,"column":17}},"type":"if","locations":[{"start":{"line":39,"column":16},"end":{"line":41,"column":17}},{"start":{},"end":{}}],"line":39},"3":{"loc":{"start":{"line":56,"column":16},"end":{"line":58,"column":17}},"type":"if","locations":[{"start":{"line":56,"column":16},"end":{"line":58,"column":17}},{"start":{},"end":{}}],"line":56},"4":{"loc":{"start":{"line":68,"column":16},"end":{"line":70,"column":17}},"type":"if","locations":[{"start":{"line":68,"column":16},"end":{"line":70,"column":17}},{"start":{},"end":{}}],"line":68}},"s":{"0":5,"1":5,"2":2,"3":2,"4":2,"5":0,"6":1,"7":1,"8":0,"9":1,"10":2,"11":2,"12":0,"13":2,"14":0,"15":0,"16":0,"17":0,"18":2,"19":2,"20":0,"21":2},"f":{"0":2,"1":2,"2":1,"3":1,"4":2,"5":2,"6":0,"7":0,"8":2,"9":2},"b":{"0":[2,0],"1":[0,1],"2":[0,2],"3":[0,0],"4":[0,2]},"_coverageSchema":"1a1c01bbd47fc00a2c39e90264f33305004495a9","hash":"dd5eabf1ffe4b1b98dbf62505d1a5b0f1e823616"}
,"/Users/apple/code/test_node_assignment/api/users/user.controller.js": {"path":"/Users/apple/code/test_node_assignment/api/users/user.controller.js","statementMap":{"0":{"start":{"line":1,"column":91},"end":{"line":1,"column":116}},"1":{"start":{"line":2,"column":48},"end":{"line":2,"column":65}},"2":{"start":{"line":3,"column":36},"end":{"line":3,"column":59}},"3":{"start":{"line":4,"column":11},"end":{"line":4,"column":26}},"4":{"start":{"line":6,"column":0},"end":{"line":132,"column":2}},"5":{"start":{"line":8,"column":21},"end":{"line":8,"column":29}},"6":{"start":{"line":9,"column":21},"end":{"line":9,"column":36}},"7":{"start":{"line":10,"column":8},"end":{"line":10,"column":47}},"8":{"start":{"line":11,"column":8},"end":{"line":29,"column":11}},"9":{"start":{"line":12,"column":12},"end":{"line":18,"column":13}},"10":{"start":{"line":13,"column":16},"end":{"line":13,"column":33}},"11":{"start":{"line":14,"column":16},"end":{"line":17,"column":19}},"12":{"start":{"line":19,"column":12},"end":{"line":24,"column":13}},"13":{"start":{"line":20,"column":16},"end":{"line":23,"column":19}},"14":{"start":{"line":25,"column":12},"end":{"line":28,"column":15}},"15":{"start":{"line":32,"column":19},"end":{"line":32,"column":32}},"16":{"start":{"line":33,"column":8},"end":{"line":48,"column":11}},"17":{"start":{"line":34,"column":12},"end":{"line":37,"column":13}},"18":{"start":{"line":35,"column":16},"end":{"line":35,"column":33}},"19":{"start":{"line":36,"column":16},"end":{"line":36,"column":23}},"20":{"start":{"line":38,"column":12},"end":{"line":43,"column":13}},"21":{"start":{"line":39,"column":16},"end":{"line":42,"column":19}},"22":{"start":{"line":44,"column":12},"end":{"line":47,"column":15}},"23":{"start":{"line":51,"column":8},"end":{"line":60,"column":11}},"24":{"start":{"line":52,"column":12},"end":{"line":55,"column":13}},"25":{"start":{"line":53,"column":16},"end":{"line":53,"column":33}},"26":{"start":{"line":54,"column":16},"end":{"line":54,"column":23}},"27":{"start":{"line":56,"column":12},"end":{"line":59,"column":15}},"28":{"start":{"line":63,"column":21},"end":{"line":63,"column":29}},"29":{"start":{"line":64,"column":21},"end":{"line":64,"column":36}},"30":{"start":{"line":65,"column":8},"end":{"line":65,"column":47}},"31":{"start":{"line":66,"column":19},"end":{"line":66,"column":32}},"32":{"start":{"line":67,"column":8},"end":{"line":82,"column":11}},"33":{"start":{"line":68,"column":12},"end":{"line":71,"column":13}},"34":{"start":{"line":69,"column":16},"end":{"line":69,"column":33}},"35":{"start":{"line":70,"column":16},"end":{"line":70,"column":23}},"36":{"start":{"line":72,"column":12},"end":{"line":77,"column":13}},"37":{"start":{"line":73,"column":16},"end":{"line":76,"column":18}},"38":{"start":{"line":78,"column":12},"end":{"line":81,"column":15}},"39":{"start":{"line":85,"column":19},"end":{"line":85,"column":32}},"40":{"start":{"line":86,"column":8},"end":{"line":101,"column":11}},"41":{"start":{"line":87,"column":12},"end":{"line":90,"column":13}},"42":{"start":{"line":88,"column":16},"end":{"line":88,"column":33}},"43":{"start":{"line":89,"column":16},"end":{"line":89,"column":23}},"44":{"start":{"line":91,"column":12},"end":{"line":96,"column":13}},"45":{"start":{"line":92,"column":16},"end":{"line":95,"column":19}},"46":{"start":{"line":97,"column":12},"end":{"line":100,"column":15}},"47":{"start":{"line":104,"column":21},"end":{"line":104,"column":29}},"48":{"start":{"line":105,"column":8},"end":{"line":130,"column":11}},"49":{"start":{"line":106,"column":12},"end":{"line":108,"column":13}},"50":{"start":{"line":107,"column":16},"end":{"line":107,"column":33}},"51":{"start":{"line":109,"column":12},"end":{"line":114,"column":13}},"52":{"start":{"line":110,"column":16},"end":{"line":113,"column":19}},"53":{"start":{"line":115,"column":27},"end":{"line":115,"column":64}},"54":{"start":{"line":116,"column":12},"end":{"line":129,"column":13}},"55":{"start":{"line":117,"column":16},"end":{"line":117,"column":42}},"56":{"start":{"line":118,"column":34},"end":{"line":118,"column":74}},"57":{"start":{"line":119,"column":16},"end":{"line":123,"column":19}},"58":{"start":{"line":125,"column":16},"end":{"line":128,"column":19}}},"fnMap":{"0":{"name":"(anonymous_0)","decl":{"start":{"line":7,"column":16},"end":{"line":7,"column":17}},"loc":{"start":{"line":7,"column":27},"end":{"line":30,"column":5}},"line":7},"1":{"name":"(anonymous_1)","decl":{"start":{"line":11,"column":20},"end":{"line":11,"column":21}},"loc":{"start":{"line":11,"column":35},"end":{"line":29,"column":9}},"line":11},"2":{"name":"(anonymous_2)","decl":{"start":{"line":31,"column":18},"end":{"line":31,"column":19}},"loc":{"start":{"line":31,"column":31},"end":{"line":49,"column":5}},"line":31},"3":{"name":"(anonymous_3)","decl":{"start":{"line":33,"column":23},"end":{"line":33,"column":24}},"loc":{"start":{"line":33,"column":41},"end":{"line":48,"column":9}},"line":33},"4":{"name":"(anonymous_4)","decl":{"start":{"line":50,"column":14},"end":{"line":50,"column":15}},"loc":{"start":{"line":50,"column":27},"end":{"line":61,"column":5}},"line":50},"5":{"name":"(anonymous_5)","decl":{"start":{"line":51,"column":17},"end":{"line":51,"column":18}},"loc":{"start":{"line":51,"column":34},"end":{"line":60,"column":9}},"line":51},"6":{"name":"(anonymous_6)","decl":{"start":{"line":62,"column":17},"end":{"line":62,"column":18}},"loc":{"start":{"line":62,"column":29},"end":{"line":83,"column":5}},"line":62},"7":{"name":"(anonymous_7)","decl":{"start":{"line":67,"column":27},"end":{"line":67,"column":28}},"loc":{"start":{"line":67,"column":43},"end":{"line":82,"column":9}},"line":67},"8":{"name":"(anonymous_8)","decl":{"start":{"line":84,"column":17},"end":{"line":84,"column":18}},"loc":{"start":{"line":84,"column":30},"end":{"line":102,"column":5}},"line":84},"9":{"name":"(anonymous_9)","decl":{"start":{"line":86,"column":22},"end":{"line":86,"column":23}},"loc":{"start":{"line":86,"column":39},"end":{"line":101,"column":9}},"line":86},"10":{"name":"(anonymous_10)","decl":{"start":{"line":103,"column":11},"end":{"line":103,"column":12}},"loc":{"start":{"line":103,"column":24},"end":{"line":131,"column":5}},"line":103},"11":{"name":"(anonymous_11)","decl":{"start":{"line":105,"column":32},"end":{"line":105,"column":33}},"loc":{"start":{"line":105,"column":49},"end":{"line":130,"column":9}},"line":105}},"branchMap":{"0":{"loc":{"start":{"line":12,"column":12},"end":{"line":18,"column":13}},"type":"if","locations":[{"start":{"line":12,"column":12},"end":{"line":18,"column":13}},{"start":{},"end":{}}],"line":12},"1":{"loc":{"start":{"line":19,"column":12},"end":{"line":24,"column":13}},"type":"if","locations":[{"start":{"line":19,"column":12},"end":{"line":24,"column":13}},{"start":{},"end":{}}],"line":19},"2":{"loc":{"start":{"line":34,"column":12},"end":{"line":37,"column":13}},"type":"if","locations":[{"start":{"line":34,"column":12},"end":{"line":37,"column":13}},{"start":{},"end":{}}],"line":34},"3":{"loc":{"start":{"line":38,"column":12},"end":{"line":43,"column":13}},"type":"if","locations":[{"start":{"line":38,"column":12},"end":{"line":43,"column":13}},{"start":{},"end":{}}],"line":38},"4":{"loc":{"start":{"line":52,"column":12},"end":{"line":55,"column":13}},"type":"if","locations":[{"start":{"line":52,"column":12},"end":{"line":55,"column":13}},{"start":{},"end":{}}],"line":52},"5":{"loc":{"start":{"line":68,"column":12},"end":{"line":71,"column":13}},"type":"if","locations":[{"start":{"line":68,"column":12},"end":{"line":71,"column":13}},{"start":{},"end":{}}],"line":68},"6":{"loc":{"start":{"line":72,"column":12},"end":{"line":77,"column":13}},"type":"if","locations":[{"start":{"line":72,"column":12},"end":{"line":77,"column":13}},{"start":{},"end":{}}],"line":72},"7":{"loc":{"start":{"line":87,"column":12},"end":{"line":90,"column":13}},"type":"if","locations":[{"start":{"line":87,"column":12},"end":{"line":90,"column":13}},{"start":{},"end":{}}],"line":87},"8":{"loc":{"start":{"line":91,"column":12},"end":{"line":96,"column":13}},"type":"if","locations":[{"start":{"line":91,"column":12},"end":{"line":96,"column":13}},{"start":{},"end":{}}],"line":91},"9":{"loc":{"start":{"line":106,"column":12},"end":{"line":108,"column":13}},"type":"if","locations":[{"start":{"line":106,"column":12},"end":{"line":108,"column":13}},{"start":{},"end":{}}],"line":106},"10":{"loc":{"start":{"line":109,"column":12},"end":{"line":114,"column":13}},"type":"if","locations":[{"start":{"line":109,"column":12},"end":{"line":114,"column":13}},{"start":{},"end":{}}],"line":109},"11":{"loc":{"start":{"line":116,"column":12},"end":{"line":129,"column":13}},"type":"if","locations":[{"start":{"line":116,"column":12},"end":{"line":129,"column":13}},{"start":{"line":124,"column":17},"end":{"line":129,"column":13}}],"line":116}},"s":{"0":5,"1":5,"2":5,"3":5,"4":5,"5":3,"6":3,"7":3,"8":3,"9":3,"10":3,"11":3,"12":0,"13":0,"14":0,"15":2,"16":2,"17":2,"18":0,"19":0,"20":2,"21":0,"22":2,"23":1,"24":1,"25":0,"26":0,"27":1,"28":1,"29":1,"30":1,"31":1,"32":1,"33":1,"34":1,"35":1,"36":0,"37":0,"38":0,"39":1,"40":1,"41":1,"42":0,"43":0,"44":1,"45":0,"46":1,"47":3,"48":3,"49":3,"50":0,"51":3,"52":3,"53":0,"54":0,"55":0,"56":0,"57":0,"58":0},"f":{"0":3,"1":3,"2":2,"3":2,"4":1,"5":1,"6":1,"7":1,"8":1,"9":1,"10":3,"11":3},"b":{"0":[3,0],"1":[0,0],"2":[0,2],"3":[0,2],"4":[0,1],"5":[1,0],"6":[0,0],"7":[0,1],"8":[0,1],"9":[0,3],"10":[3,0],"11":[0,0]},"_coverageSchema":"1a1c01bbd47fc00a2c39e90264f33305004495a9","hash":"1d14103f7ff9aeb12a3ee4d42bfca119b4306edb"}
,"/Users/apple/code/test_node_assignment/api/users/user.router.js": {"path":"/Users/apple/code/test_node_assignment/api/users/user.router.js","statementMap":{"0":{"start":{"line":1,"column":75},"end":{"line":1,"column":103}},"1":{"start":{"line":2,"column":15},"end":{"line":2,"column":42}},"2":{"start":{"line":3,"column":27},"end":{"line":3,"column":64}},"3":{"start":{"line":5,"column":0},"end":{"line":5,"column":29}},"4":{"start":{"line":6,"column":0},"end":{"line":6,"column":42}},"5":{"start":{"line":7,"column":0},"end":{"line":7,"column":48}},"6":{"start":{"line":8,"column":0},"end":{"line":8,"column":48}},"7":{"start":{"line":9,"column":0},"end":{"line":9,"column":49}},"8":{"start":{"line":10,"column":0},"end":{"line":10,"column":29}},"9":{"start":{"line":11,"column":0},"end":{"line":11,"column":24}}},"fnMap":{},"branchMap":{},"s":{"0":5,"1":5,"2":5,"3":5,"4":5,"5":5,"6":5,"7":5,"8":5,"9":5},"f":{},"b":{},"_coverageSchema":"1a1c01bbd47fc00a2c39e90264f33305004495a9","hash":"b63bf2a8691214d965697ce536a09628bbfb6807"}
,"/Users/apple/code/test_node_assignment/api/users/user.service.js": {"path":"/Users/apple/code/test_node_assignment/api/users/user.service.js","statementMap":{"0":{"start":{"line":1,"column":13},"end":{"line":1,"column":45}},"1":{"start":{"line":3,"column":0},"end":{"line":91,"column":2}},"2":{"start":{"line":5,"column":8},"end":{"line":20,"column":10}},"3":{"start":{"line":15,"column":16},"end":{"line":17,"column":17}},"4":{"start":{"line":16,"column":20},"end":{"line":16,"column":42}},"5":{"start":{"line":18,"column":16},"end":{"line":18,"column":45}},"6":{"start":{"line":23,"column":8},"end":{"line":32,"column":10}},"7":{"start":{"line":27,"column":16},"end":{"line":29,"column":17}},"8":{"start":{"line":28,"column":20},"end":{"line":28,"column":43}},"9":{"start":{"line":30,"column":16},"end":{"line":30,"column":46}},"10":{"start":{"line":36,"column":8},"end":{"line":45,"column":10}},"11":{"start":{"line":40,"column":16},"end":{"line":42,"column":17}},"12":{"start":{"line":41,"column":20},"end":{"line":41,"column":43}},"13":{"start":{"line":43,"column":16},"end":{"line":43,"column":46}},"14":{"start":{"line":48,"column":8},"end":{"line":65,"column":9}},"15":{"start":{"line":60,"column":16},"end":{"line":62,"column":17}},"16":{"start":{"line":61,"column":20},"end":{"line":61,"column":43}},"17":{"start":{"line":63,"column":16},"end":{"line":63,"column":46}},"18":{"start":{"line":68,"column":8},"end":{"line":77,"column":9}},"19":{"start":{"line":72,"column":16},"end":{"line":74,"column":17}},"20":{"start":{"line":73,"column":20},"end":{"line":73,"column":43}},"21":{"start":{"line":75,"column":16},"end":{"line":75,"column":46}},"22":{"start":{"line":80,"column":8},"end":{"line":89,"column":9}},"23":{"start":{"line":84,"column":16},"end":{"line":86,"column":17}},"24":{"start":{"line":85,"column":20},"end":{"line":85,"column":43}},"25":{"start":{"line":87,"column":16},"end":{"line":87,"column":48}}},"fnMap":{"0":{"name":"(anonymous_0)","decl":{"start":{"line":4,"column":12},"end":{"line":4,"column":13}},"loc":{"start":{"line":4,"column":30},"end":{"line":21,"column":5}},"line":4},"1":{"name":"(anonymous_1)","decl":{"start":{"line":14,"column":12},"end":{"line":14,"column":13}},"loc":{"start":{"line":14,"column":39},"end":{"line":19,"column":13}},"line":14},"2":{"name":"(anonymous_2)","decl":{"start":{"line":22,"column":14},"end":{"line":22,"column":15}},"loc":{"start":{"line":22,"column":24},"end":{"line":34,"column":5}},"line":22},"3":{"name":"(anonymous_3)","decl":{"start":{"line":26,"column":12},"end":{"line":26,"column":13}},"loc":{"start":{"line":26,"column":38},"end":{"line":31,"column":13}},"line":26},"4":{"name":"(anonymous_4)","decl":{"start":{"line":35,"column":17},"end":{"line":35,"column":18}},"loc":{"start":{"line":35,"column":33},"end":{"line":46,"column":5}},"line":35},"5":{"name":"(anonymous_5)","decl":{"start":{"line":39,"column":12},"end":{"line":39,"column":13}},"loc":{"start":{"line":39,"column":38},"end":{"line":44,"column":13}},"line":39},"6":{"name":"(anonymous_6)","decl":{"start":{"line":47,"column":17},"end":{"line":47,"column":18}},"loc":{"start":{"line":47,"column":38},"end":{"line":66,"column":5}},"line":47},"7":{"name":"(anonymous_7)","decl":{"start":{"line":59,"column":12},"end":{"line":59,"column":13}},"loc":{"start":{"line":59,"column":40},"end":{"line":64,"column":13}},"line":59},"8":{"name":"(anonymous_8)","decl":{"start":{"line":67,"column":17},"end":{"line":67,"column":18}},"loc":{"start":{"line":67,"column":32},"end":{"line":78,"column":5}},"line":67},"9":{"name":"(anonymous_9)","decl":{"start":{"line":71,"column":12},"end":{"line":71,"column":13}},"loc":{"start":{"line":71,"column":38},"end":{"line":76,"column":13}},"line":71},"10":{"name":"(anonymous_10)","decl":{"start":{"line":79,"column":20},"end":{"line":79,"column":21}},"loc":{"start":{"line":79,"column":39},"end":{"line":90,"column":5}},"line":79},"11":{"name":"(anonymous_11)","decl":{"start":{"line":83,"column":12},"end":{"line":83,"column":13}},"loc":{"start":{"line":83,"column":38},"end":{"line":88,"column":13}},"line":83}},"branchMap":{"0":{"loc":{"start":{"line":15,"column":16},"end":{"line":17,"column":17}},"type":"if","locations":[{"start":{"line":15,"column":16},"end":{"line":17,"column":17}},{"start":{},"end":{}}],"line":15},"1":{"loc":{"start":{"line":27,"column":16},"end":{"line":29,"column":17}},"type":"if","locations":[{"start":{"line":27,"column":16},"end":{"line":29,"column":17}},{"start":{},"end":{}}],"line":27},"2":{"loc":{"start":{"line":40,"column":16},"end":{"line":42,"column":17}},"type":"if","locations":[{"start":{"line":40,"column":16},"end":{"line":42,"column":17}},{"start":{},"end":{}}],"line":40},"3":{"loc":{"start":{"line":60,"column":16},"end":{"line":62,"column":17}},"type":"if","locations":[{"start":{"line":60,"column":16},"end":{"line":62,"column":17}},{"start":{},"end":{}}],"line":60},"4":{"loc":{"start":{"line":72,"column":16},"end":{"line":74,"column":17}},"type":"if","locations":[{"start":{"line":72,"column":16},"end":{"line":74,"column":17}},{"start":{},"end":{}}],"line":72},"5":{"loc":{"start":{"line":84,"column":16},"end":{"line":86,"column":17}},"type":"if","locations":[{"start":{"line":84,"column":16},"end":{"line":86,"column":17}},{"start":{},"end":{}}],"line":84}},"s":{"0":5,"1":5,"2":3,"3":3,"4":3,"5":0,"6":1,"7":1,"8":0,"9":1,"10":2,"11":2,"12":0,"13":2,"14":1,"15":1,"16":1,"17":0,"18":1,"19":1,"20":0,"21":1,"22":3,"23":3,"24":0,"25":3},"f":{"0":3,"1":3,"2":1,"3":1,"4":2,"5":2,"6":1,"7":1,"8":1,"9":1,"10":3,"11":3},"b":{"0":[3,0],"1":[0,1],"2":[0,2],"3":[1,0],"4":[0,1],"5":[0,3]},"_coverageSchema":"1a1c01bbd47fc00a2c39e90264f33305004495a9","hash":"54fee331fe53240a2bde8e132fccc068eb58165b"}
,"/Users/apple/code/test_node_assignment/auth/tokenValidation.js": {"path":"/Users/apple/code/test_node_assignment/auth/tokenValidation.js","statementMap":{"0":{"start":{"line":1,"column":20},"end":{"line":1,"column":43}},"1":{"start":{"line":2,"column":11},"end":{"line":2,"column":26}},"2":{"start":{"line":4,"column":0},"end":{"line":51,"column":1}},"3":{"start":{"line":6,"column":20},"end":{"line":6,"column":44}},"4":{"start":{"line":7,"column":8},"end":{"line":26,"column":9}},"5":{"start":{"line":8,"column":12},"end":{"line":8,"column":35}},"6":{"start":{"line":9,"column":12},"end":{"line":19,"column":15}},"7":{"start":{"line":10,"column":16},"end":{"line":18,"column":17}},"8":{"start":{"line":11,"column":20},"end":{"line":14,"column":23}},"9":{"start":{"line":17,"column":20},"end":{"line":17,"column":27}},"10":{"start":{"line":22,"column":12},"end":{"line":25,"column":15}},"11":{"start":{"line":29,"column":20},"end":{"line":29,"column":44}},"12":{"start":{"line":30,"column":8},"end":{"line":49,"column":9}},"13":{"start":{"line":31,"column":12},"end":{"line":31,"column":35}},"14":{"start":{"line":32,"column":12},"end":{"line":42,"column":15}},"15":{"start":{"line":33,"column":16},"end":{"line":41,"column":17}},"16":{"start":{"line":34,"column":20},"end":{"line":37,"column":23}},"17":{"start":{"line":40,"column":20},"end":{"line":40,"column":27}},"18":{"start":{"line":45,"column":12},"end":{"line":48,"column":15}}},"fnMap":{"0":{"name":"(anonymous_0)","decl":{"start":{"line":5,"column":20},"end":{"line":5,"column":21}},"loc":{"start":{"line":5,"column":40},"end":{"line":27,"column":5}},"line":5},"1":{"name":"(anonymous_1)","decl":{"start":{"line":9,"column":42},"end":{"line":9,"column":43}},"loc":{"start":{"line":9,"column":59},"end":{"line":19,"column":13}},"line":9},"2":{"name":"(anonymous_2)","decl":{"start":{"line":28,"column":21},"end":{"line":28,"column":22}},"loc":{"start":{"line":28,"column":40},"end":{"line":50,"column":5}},"line":28},"3":{"name":"(anonymous_3)","decl":{"start":{"line":32,"column":43},"end":{"line":32,"column":44}},"loc":{"start":{"line":32,"column":60},"end":{"line":42,"column":13}},"line":32}},"branchMap":{"0":{"loc":{"start":{"line":7,"column":8},"end":{"line":26,"column":9}},"type":"if","locations":[{"start":{"line":7,"column":8},"end":{"line":26,"column":9}},{"start":{"line":21,"column":12},"end":{"line":26,"column":9}}],"line":7},"1":{"loc":{"start":{"line":10,"column":16},"end":{"line":18,"column":17}},"type":"if","locations":[{"start":{"line":10,"column":16},"end":{"line":18,"column":17}},{"start":{"line":16,"column":20},"end":{"line":18,"column":17}}],"line":10},"2":{"loc":{"start":{"line":30,"column":8},"end":{"line":49,"column":9}},"type":"if","locations":[{"start":{"line":30,"column":8},"end":{"line":49,"column":9}},{"start":{"line":44,"column":12},"end":{"line":49,"column":9}}],"line":30},"3":{"loc":{"start":{"line":33,"column":16},"end":{"line":41,"column":17}},"type":"if","locations":[{"start":{"line":33,"column":16},"end":{"line":41,"column":17}},{"start":{"line":39,"column":20},"end":{"line":41,"column":17}}],"line":33}},"s":{"0":5,"1":5,"2":5,"3":15,"4":15,"5":13,"6":13,"7":13,"8":0,"9":13,"10":2,"11":21,"12":21,"13":21,"14":21,"15":21,"16":0,"17":21,"18":0},"f":{"0":15,"1":13,"2":21,"3":21},"b":{"0":[13,2],"1":[0,13],"2":[21,0],"3":[0,21]},"_coverageSchema":"1a1c01bbd47fc00a2c39e90264f33305004495a9","hash":"95450476bd98d00ed2f09965b4650dd23f738267"}
,"/Users/apple/code/test_node_assignment/config/database.js": {"path":"/Users/apple/code/test_node_assignment/config/database.js","statementMap":{"0":{"start":{"line":1,"column":23},"end":{"line":1,"column":40}},"1":{"start":{"line":2,"column":11},"end":{"line":2,"column":26}},"2":{"start":{"line":4,"column":13},"end":{"line":10,"column":2}},"3":{"start":{"line":12,"column":0},"end":{"line":12,"column":22}}},"fnMap":{},"branchMap":{},"s":{"0":5,"1":5,"2":5,"3":5},"f":{},"b":{},"_coverageSchema":"1a1c01bbd47fc00a2c39e90264f33305004495a9","hash":"541f9388b5264844178690932048da682158c0a0"}
}
