TN:
SF:app.js
FN:26,(anonymous_0)
FN:33,(anonymous_1)
FNF:2
FNH:1
FNDA:0,(anonymous_0)
FNDA:1,(anonymous_1)
DA:7,5
DA:8,5
DA:9,5
DA:10,5
DA:11,5
DA:12,5
DA:13,5
DA:14,5
DA:15,5
DA:17,5
DA:19,5
DA:20,5
DA:21,5
DA:22,5
DA:23,5
DA:24,5
DA:26,5
DA:27,0
DA:33,5
DA:34,1
DA:37,5
LF:21
LH:20
BRF:0
BRH:0
end_of_record
TN:
SF:api/admin/admin.controller.js
FN:7,(anonymous_0)
FN:11,(anonymous_1)
FN:25,(anonymous_2)
FN:27,(anonymous_3)
FN:44,(anonymous_4)
FN:45,(anonymous_5)
FN:56,(anonymous_6)
FN:61,(anonymous_7)
FN:78,(anonymous_8)
FN:80,(anonymous_9)
FN:97,(anonymous_10)
FN:99,(anonymous_11)
FNF:12
FNH:0
FNDA:0,(anonymous_0)
FNDA:0,(anonymous_1)
FNDA:0,(anonymous_2)
FNDA:0,(anonymous_3)
FNDA:0,(anonymous_4)
FNDA:0,(anonymous_5)
FNDA:0,(anonymous_6)
FNDA:0,(anonymous_7)
FNDA:0,(anonymous_8)
FNDA:0,(anonymous_9)
FNDA:0,(anonymous_10)
FNDA:0,(anonymous_11)
DA:1,5
DA:2,5
DA:3,5
DA:4,5
DA:6,5
DA:8,0
DA:9,0
DA:10,0
DA:11,0
DA:12,0
DA:13,0
DA:14,0
DA:19,0
DA:26,0
DA:27,0
DA:28,0
DA:29,0
DA:30,0
DA:32,0
DA:33,0
DA:38,0
DA:45,0
DA:46,0
DA:47,0
DA:48,0
DA:50,0
DA:57,0
DA:58,0
DA:59,0
DA:60,0
DA:61,0
DA:62,0
DA:63,0
DA:64,0
DA:66,0
DA:67,0
DA:72,0
DA:79,0
DA:80,0
DA:81,0
DA:82,0
DA:83,0
DA:85,0
DA:86,0
DA:91,0
DA:98,0
DA:99,0
DA:100,0
DA:101,0
DA:103,0
DA:104,0
DA:109,0
DA:110,0
DA:111,0
DA:112,0
DA:113,0
DA:119,0
LF:57
LH:5
BRDA:12,0,0,0
BRDA:12,0,1,0
BRDA:28,1,0,0
BRDA:28,1,1,0
BRDA:32,2,0,0
BRDA:32,2,1,0
BRDA:46,3,0,0
BRDA:46,3,1,0
BRDA:62,4,0,0
BRDA:62,4,1,0
BRDA:66,5,0,0
BRDA:66,5,1,0
BRDA:81,6,0,0
BRDA:81,6,1,0
BRDA:85,7,0,0
BRDA:85,7,1,0
BRDA:100,8,0,0
BRDA:100,8,1,0
BRDA:103,9,0,0
BRDA:103,9,1,0
BRDA:110,10,0,0
BRDA:110,10,1,0
BRF:22
BRH:0
end_of_record
TN:
SF:api/admin/admin.router.js
FNF:0
FNH:0
DA:1,5
DA:2,5
DA:3,5
DA:5,5
DA:6,5
DA:7,5
DA:8,5
DA:9,5
DA:10,5
DA:11,5
LF:10
LH:10
BRF:0
BRH:0
end_of_record
TN:
SF:api/admin/admin.service.js
FN:4,(anonymous_0)
FN:11,(anonymous_1)
FN:19,(anonymous_2)
FN:23,(anonymous_3)
FN:32,(anonymous_4)
FN:36,(anonymous_5)
FN:44,(anonymous_6)
FN:52,(anonymous_7)
FN:60,(anonymous_8)
FN:64,(anonymous_9)
FN:72,(anonymous_10)
FN:76,(anonymous_11)
FNF:12
FNH:0
FNDA:0,(anonymous_0)
FNDA:0,(anonymous_1)
FNDA:0,(anonymous_2)
FNDA:0,(anonymous_3)
FNDA:0,(anonymous_4)
FNDA:0,(anonymous_5)
FNDA:0,(anonymous_6)
FNDA:0,(anonymous_7)
FNDA:0,(anonymous_8)
FNDA:0,(anonymous_9)
FNDA:0,(anonymous_10)
FNDA:0,(anonymous_11)
DA:1,5
DA:3,5
DA:5,0
DA:12,0
DA:13,0
DA:15,0
DA:20,0
DA:24,0
DA:25,0
DA:27,0
DA:33,0
DA:37,0
DA:38,0
DA:40,0
DA:45,0
DA:53,0
DA:54,0
DA:56,0
DA:61,0
DA:65,0
DA:66,0
DA:68,0
DA:73,0
DA:77,0
DA:78,0
DA:80,0
LF:26
LH:2
BRDA:12,0,0,0
BRDA:12,0,1,0
BRDA:24,1,0,0
BRDA:24,1,1,0
BRDA:37,2,0,0
BRDA:37,2,1,0
BRDA:53,3,0,0
BRDA:53,3,1,0
BRDA:65,4,0,0
BRDA:65,4,1,0
BRDA:77,5,0,0
BRDA:77,5,1,0
BRF:12
BRH:0
end_of_record
TN:
SF:api/auditorium/auditorium.controller.js
FN:4,(anonymous_0)
FN:6,(anonymous_1)
FN:26,(anonymous_2)
FN:28,(anonymous_3)
FN:45,(anonymous_4)
FN:46,(anonymous_5)
FN:57,(anonymous_6)
FN:60,(anonymous_7)
FN:77,(anonymous_8)
FN:79,(anonymous_9)
FNF:10
FNH:10
FNDA:2,(anonymous_0)
FNDA:2,(anonymous_1)
FNDA:2,(anonymous_2)
FNDA:2,(anonymous_3)
FNDA:1,(anonymous_4)
FNDA:1,(anonymous_5)
FNDA:2,(anonymous_6)
FNDA:2,(anonymous_7)
FNDA:2,(anonymous_8)
FNDA:2,(anonymous_9)
DA:1,5
DA:3,5
DA:5,2
DA:6,2
DA:7,2
DA:8,2
DA:9,2
DA:14,0
DA:15,0
DA:20,0
DA:27,2
DA:28,2
DA:29,2
DA:30,0
DA:31,0
DA:33,2
DA:34,0
DA:39,2
DA:46,1
DA:47,1
DA:48,0
DA:49,0
DA:51,1
DA:58,2
DA:59,2
DA:60,2
DA:61,2
DA:62,0
DA:63,0
DA:65,2
DA:66,0
DA:71,2
DA:78,2
DA:79,2
DA:80,2
DA:81,0
DA:82,0
DA:84,2
DA:85,0
DA:90,2
LF:40
LH:26
BRDA:7,0,0,2
BRDA:7,0,1,0
BRDA:14,1,0,0
BRDA:14,1,1,0
BRDA:29,2,0,0
BRDA:29,2,1,2
BRDA:33,3,0,0
BRDA:33,3,1,2
BRDA:47,4,0,0
BRDA:47,4,1,1
BRDA:61,5,0,0
BRDA:61,5,1,2
BRDA:65,6,0,0
BRDA:65,6,1,2
BRDA:80,7,0,0
BRDA:80,7,1,2
BRDA:84,8,0,0
BRDA:84,8,1,2
BRF:18
BRH:8
end_of_record
TN:
SF:api/auditorium/auditorium.router.js
FNF:0
FNH:0
DA:1,5
DA:2,5
DA:3,5
DA:5,5
DA:6,5
DA:7,5
DA:8,5
DA:9,5
DA:11,5
LF:9
LH:9
BRF:0
BRH:0
end_of_record
TN:
SF:api/auditorium/auditorium.service.js
FN:4,(anonymous_0)
FN:11,(anonymous_1)
FN:19,(anonymous_2)
FN:23,(anonymous_3)
FN:32,(anonymous_4)
FN:36,(anonymous_5)
FN:44,(anonymous_6)
FN:52,(anonymous_7)
FN:60,(anonymous_8)
FN:64,(anonymous_9)
FNF:10
FNH:10
FNDA:2,(anonymous_0)
FNDA:2,(anonymous_1)
FNDA:1,(anonymous_2)
FNDA:1,(anonymous_3)
FNDA:2,(anonymous_4)
FNDA:2,(anonymous_5)
FNDA:2,(anonymous_6)
FNDA:2,(anonymous_7)
FNDA:2,(anonymous_8)
FNDA:2,(anonymous_9)
DA:1,5
DA:3,5
DA:5,2
DA:12,2
DA:13,2
DA:15,0
DA:20,1
DA:24,1
DA:25,0
DA:27,1
DA:33,2
DA:37,2
DA:38,0
DA:40,2
DA:45,2
DA:53,2
DA:54,0
DA:56,2
DA:61,2
DA:65,2
DA:66,0
DA:68,2
LF:22
LH:17
BRDA:12,0,0,2
BRDA:12,0,1,0
BRDA:24,1,0,0
BRDA:24,1,1,1
BRDA:37,2,0,0
BRDA:37,2,1,2
BRDA:53,3,0,0
BRDA:53,3,1,2
BRDA:65,4,0,0
BRDA:65,4,1,2
BRF:10
BRH:5
end_of_record
TN:
SF:api/booking/booking.controller.js
FN:4,(anonymous_0)
FN:6,(anonymous_1)
FN:20,(anonymous_2)
FN:22,(anonymous_3)
FN:39,(anonymous_4)
FN:40,(anonymous_5)
FN:51,(anonymous_6)
FN:54,(anonymous_7)
FN:71,(anonymous_8)
FN:73,(anonymous_9)
FNF:10
FNH:10
FNDA:1,(anonymous_0)
FNDA:1,(anonymous_1)
FNDA:2,(anonymous_2)
FNDA:2,(anonymous_3)
FNDA:1,(anonymous_4)
FNDA:1,(anonymous_5)
FNDA:2,(anonymous_6)
FNDA:2,(anonymous_7)
FNDA:2,(anonymous_8)
FNDA:2,(anonymous_9)
DA:1,5
DA:3,5
DA:5,1
DA:6,1
DA:7,1
DA:8,1
DA:9,1
DA:14,0
DA:21,2
DA:22,2
DA:23,2
DA:24,0
DA:25,0
DA:27,2
DA:28,0
DA:33,2
DA:40,1
DA:41,1
DA:42,0
DA:43,0
DA:45,1
DA:52,2
DA:53,2
DA:54,2
DA:55,2
DA:56,0
DA:57,0
DA:59,2
DA:60,0
DA:65,2
DA:72,2
DA:73,2
DA:74,2
DA:75,0
DA:76,0
DA:78,2
DA:79,0
DA:84,2
LF:38
LH:26
BRDA:7,0,0,1
BRDA:7,0,1,0
BRDA:23,1,0,0
BRDA:23,1,1,2
BRDA:27,2,0,0
BRDA:27,2,1,2
BRDA:41,3,0,0
BRDA:41,3,1,1
BRDA:55,4,0,0
BRDA:55,4,1,2
BRDA:59,5,0,0
BRDA:59,5,1,2
BRDA:74,6,0,0
BRDA:74,6,1,2
BRDA:78,7,0,0
BRDA:78,7,1,2
BRF:16
BRH:8
end_of_record
TN:
SF:api/booking/booking.router.js
FNF:0
FNH:0
DA:1,5
DA:2,5
DA:3,5
DA:5,5
DA:6,5
DA:7,5
DA:8,5
DA:9,5
DA:11,5
LF:9
LH:9
BRF:0
BRH:0
end_of_record
TN:
SF:api/booking/booking.service.js
FN:4,(anonymous_0)
FN:13,(anonymous_1)
FN:21,(anonymous_2)
FN:25,(anonymous_3)
FN:34,(anonymous_4)
FN:38,(anonymous_5)
FN:46,(anonymous_6)
FN:56,(anonymous_7)
FN:64,(anonymous_8)
FN:68,(anonymous_9)
FNF:10
FNH:10
FNDA:1,(anonymous_0)
FNDA:1,(anonymous_1)
FNDA:1,(anonymous_2)
FNDA:1,(anonymous_3)
FNDA:2,(anonymous_4)
FNDA:2,(anonymous_5)
FNDA:2,(anonymous_6)
FNDA:2,(anonymous_7)
FNDA:2,(anonymous_8)
FNDA:2,(anonymous_9)
DA:1,5
DA:3,5
DA:5,1
DA:14,1
DA:15,1
DA:17,0
DA:22,1
DA:26,1
DA:27,0
DA:29,1
DA:35,2
DA:39,2
DA:40,0
DA:42,2
DA:47,2
DA:57,2
DA:58,0
DA:60,2
DA:65,2
DA:69,2
DA:70,0
DA:72,2
LF:22
LH:17
BRDA:14,0,0,1
BRDA:14,0,1,0
BRDA:26,1,0,0
BRDA:26,1,1,1
BRDA:39,2,0,0
BRDA:39,2,1,2
BRDA:57,3,0,0
BRDA:57,3,1,2
BRDA:69,4,0,0
BRDA:69,4,1,2
BRF:10
BRH:5
end_of_record
TN:
SF:api/movie/movie.controller.js
FN:4,(anonymous_0)
FN:6,(anonymous_1)
FN:20,(anonymous_2)
FN:22,(anonymous_3)
FN:33,(anonymous_4)
FN:34,(anonymous_5)
FN:45,(anonymous_6)
FN:48,(anonymous_7)
FN:65,(anonymous_8)
FN:67,(anonymous_9)
FNF:10
FNH:6
FNDA:2,(anonymous_0)
FNDA:2,(anonymous_1)
FNDA:0,(anonymous_2)
FNDA:0,(anonymous_3)
FNDA:1,(anonymous_4)
FNDA:1,(anonymous_5)
FNDA:0,(anonymous_6)
FNDA:0,(anonymous_7)
FNDA:2,(anonymous_8)
FNDA:2,(anonymous_9)
DA:1,5
DA:3,5
DA:5,2
DA:6,2
DA:7,2
DA:8,2
DA:9,2
DA:14,0
DA:21,0
DA:22,0
DA:23,0
DA:24,0
DA:25,0
DA:27,0
DA:34,1
DA:35,1
DA:36,0
DA:37,0
DA:39,1
DA:46,0
DA:47,0
DA:48,0
DA:49,0
DA:50,0
DA:51,0
DA:53,0
DA:54,0
DA:59,0
DA:66,2
DA:67,2
DA:68,2
DA:69,0
DA:70,0
DA:72,2
DA:73,0
DA:78,2
LF:36
LH:15
BRDA:7,0,0,2
BRDA:7,0,1,0
BRDA:23,1,0,0
BRDA:23,1,1,0
BRDA:35,2,0,0
BRDA:35,2,1,1
BRDA:49,3,0,0
BRDA:49,3,1,0
BRDA:53,4,0,0
BRDA:53,4,1,0
BRDA:68,5,0,0
BRDA:68,5,1,2
BRDA:72,6,0,0
BRDA:72,6,1,2
BRF:14
BRH:4
end_of_record
TN:
SF:api/movie/movie.router.js
FNF:0
FNH:0
DA:1,5
DA:2,5
DA:3,5
DA:5,5
DA:6,5
DA:7,5
DA:8,5
DA:9,5
DA:11,5
LF:9
LH:9
BRF:0
BRH:0
end_of_record
TN:
SF:api/movie/movie.service.js
FN:4,(anonymous_0)
FN:14,(anonymous_1)
FN:22,(anonymous_2)
FN:26,(anonymous_3)
FN:35,(anonymous_4)
FN:39,(anonymous_5)
FN:47,(anonymous_6)
FN:58,(anonymous_7)
FN:66,(anonymous_8)
FN:70,(anonymous_9)
FNF:10
FNH:6
FNDA:2,(anonymous_0)
FNDA:2,(anonymous_1)
FNDA:1,(anonymous_2)
FNDA:1,(anonymous_3)
FNDA:0,(anonymous_4)
FNDA:0,(anonymous_5)
FNDA:0,(anonymous_6)
FNDA:0,(anonymous_7)
FNDA:2,(anonymous_8)
FNDA:2,(anonymous_9)
DA:1,5
DA:3,5
DA:5,2
DA:15,2
DA:16,2
DA:18,0
DA:23,1
DA:27,1
DA:28,0
DA:30,1
DA:36,0
DA:40,0
DA:41,0
DA:43,0
DA:48,0
DA:59,0
DA:60,0
DA:62,0
DA:67,2
DA:71,2
DA:72,0
DA:74,2
LF:22
LH:11
BRDA:15,0,0,2
BRDA:15,0,1,0
BRDA:27,1,0,0
BRDA:27,1,1,1
BRDA:40,2,0,0
BRDA:40,2,1,0
BRDA:59,3,0,0
BRDA:59,3,1,0
BRDA:71,4,0,0
BRDA:71,4,1,2
BRF:10
BRH:3
end_of_record
TN:
SF:api/shows/shows.controller.js
FN:4,(anonymous_0)
FN:6,(anonymous_1)
FN:20,(anonymous_2)
FN:22,(anonymous_3)
FN:39,(anonymous_4)
FN:40,(anonymous_5)
FN:51,(anonymous_6)
FN:54,(anonymous_7)
FN:71,(anonymous_8)
FN:73,(anonymous_9)
FNF:10
FNH:8
FNDA:2,(anonymous_0)
FNDA:2,(anonymous_1)
FNDA:2,(anonymous_2)
FNDA:2,(anonymous_3)
FNDA:1,(anonymous_4)
FNDA:1,(anonymous_5)
FNDA:0,(anonymous_6)
FNDA:0,(anonymous_7)
FNDA:2,(anonymous_8)
FNDA:2,(anonymous_9)
DA:1,5
DA:3,5
DA:5,2
DA:6,2
DA:7,2
DA:8,2
DA:9,2
DA:14,0
DA:21,2
DA:22,2
DA:23,2
DA:24,0
DA:25,0
DA:27,2
DA:28,0
DA:33,2
DA:40,1
DA:41,1
DA:42,0
DA:43,0
DA:45,1
DA:52,0
DA:53,0
DA:54,0
DA:55,0
DA:56,0
DA:57,0
DA:59,0
DA:60,0
DA:65,0
DA:72,2
DA:73,2
DA:74,2
DA:75,0
DA:76,0
DA:78,2
DA:79,0
DA:84,2
LF:38
LH:20
BRDA:7,0,0,2
BRDA:7,0,1,0
BRDA:23,1,0,0
BRDA:23,1,1,2
BRDA:27,2,0,0
BRDA:27,2,1,2
BRDA:41,3,0,0
BRDA:41,3,1,1
BRDA:55,4,0,0
BRDA:55,4,1,0
BRDA:59,5,0,0
BRDA:59,5,1,0
BRDA:74,6,0,0
BRDA:74,6,1,2
BRDA:78,7,0,0
BRDA:78,7,1,2
BRF:16
BRH:6
end_of_record
TN:
SF:api/shows/shows.router.js
FNF:0
FNH:0
DA:1,5
DA:2,5
DA:3,5
DA:5,5
DA:6,5
DA:7,5
DA:8,5
DA:9,5
DA:11,5
LF:9
LH:9
BRF:0
BRH:0
end_of_record
TN:
SF:api/shows/shows.service.js
FN:4,(anonymous_0)
FN:13,(anonymous_1)
FN:21,(anonymous_2)
FN:25,(anonymous_3)
FN:34,(anonymous_4)
FN:38,(anonymous_5)
FN:46,(anonymous_6)
FN:55,(anonymous_7)
FN:63,(anonymous_8)
FN:67,(anonymous_9)
FNF:10
FNH:8
FNDA:2,(anonymous_0)
FNDA:2,(anonymous_1)
FNDA:1,(anonymous_2)
FNDA:1,(anonymous_3)
FNDA:2,(anonymous_4)
FNDA:2,(anonymous_5)
FNDA:0,(anonymous_6)
FNDA:0,(anonymous_7)
FNDA:2,(anonymous_8)
FNDA:2,(anonymous_9)
DA:1,5
DA:3,5
DA:5,2
DA:14,2
DA:15,2
DA:17,0
DA:22,1
DA:26,1
DA:27,0
DA:29,1
DA:35,2
DA:39,2
DA:40,0
DA:42,2
DA:47,0
DA:56,0
DA:57,0
DA:59,0
DA:64,2
DA:68,2
DA:69,0
DA:71,2
LF:22
LH:14
BRDA:14,0,0,2
BRDA:14,0,1,0
BRDA:26,1,0,0
BRDA:26,1,1,1
BRDA:39,2,0,0
BRDA:39,2,1,2
BRDA:56,3,0,0
BRDA:56,3,1,0
BRDA:68,4,0,0
BRDA:68,4,1,2
BRF:10
BRH:4
end_of_record
TN:
SF:api/users/user.controller.js
FN:7,(anonymous_0)
FN:11,(anonymous_1)
FN:31,(anonymous_2)
FN:33,(anonymous_3)
FN:50,(anonymous_4)
FN:51,(anonymous_5)
FN:62,(anonymous_6)
FN:67,(anonymous_7)
FN:84,(anonymous_8)
FN:86,(anonymous_9)
FN:103,(anonymous_10)
FN:105,(anonymous_11)
FNF:12
FNH:12
FNDA:3,(anonymous_0)
FNDA:3,(anonymous_1)
FNDA:2,(anonymous_2)
FNDA:2,(anonymous_3)
FNDA:1,(anonymous_4)
FNDA:1,(anonymous_5)
FNDA:1,(anonymous_6)
FNDA:1,(anonymous_7)
FNDA:1,(anonymous_8)
FNDA:1,(anonymous_9)
FNDA:3,(anonymous_10)
FNDA:3,(anonymous_11)
DA:1,5
DA:2,5
DA:3,5
DA:4,5
DA:6,5
DA:8,3
DA:9,3
DA:10,3
DA:11,3
DA:12,3
DA:13,3
DA:14,3
DA:19,0
DA:20,0
DA:25,0
DA:32,2
DA:33,2
DA:34,2
DA:35,0
DA:36,0
DA:38,2
DA:39,0
DA:44,2
DA:51,1
DA:52,1
DA:53,0
DA:54,0
DA:56,1
DA:63,1
DA:64,1
DA:65,1
DA:66,1
DA:67,1
DA:68,1
DA:69,1
DA:70,1
DA:72,0
DA:73,0
DA:78,0
DA:85,1
DA:86,1
DA:87,1
DA:88,0
DA:89,0
DA:91,1
DA:92,0
DA:97,1
DA:104,3
DA:105,3
DA:106,3
DA:107,0
DA:109,3
DA:110,3
DA:115,0
DA:116,0
DA:117,0
DA:118,0
DA:119,0
DA:125,0
LF:59
LH:38
BRDA:12,0,0,3
BRDA:12,0,1,0
BRDA:19,1,0,0
BRDA:19,1,1,0
BRDA:34,2,0,0
BRDA:34,2,1,2
BRDA:38,3,0,0
BRDA:38,3,1,2
BRDA:52,4,0,0
BRDA:52,4,1,1
BRDA:68,5,0,1
BRDA:68,5,1,0
BRDA:72,6,0,0
BRDA:72,6,1,0
BRDA:87,7,0,0
BRDA:87,7,1,1
BRDA:91,8,0,0
BRDA:91,8,1,1
BRDA:106,9,0,0
BRDA:106,9,1,3
BRDA:109,10,0,3
BRDA:109,10,1,0
BRDA:116,11,0,0
BRDA:116,11,1,0
BRF:24
BRH:9
end_of_record
TN:
SF:api/users/user.router.js
FNF:0
FNH:0
DA:1,5
DA:2,5
DA:3,5
DA:5,5
DA:6,5
DA:7,5
DA:8,5
DA:9,5
DA:10,5
DA:11,5
LF:10
LH:10
BRF:0
BRH:0
end_of_record
TN:
SF:api/users/user.service.js
FN:4,(anonymous_0)
FN:14,(anonymous_1)
FN:22,(anonymous_2)
FN:26,(anonymous_3)
FN:35,(anonymous_4)
FN:39,(anonymous_5)
FN:47,(anonymous_6)
FN:59,(anonymous_7)
FN:67,(anonymous_8)
FN:71,(anonymous_9)
FN:79,(anonymous_10)
FN:83,(anonymous_11)
FNF:12
FNH:12
FNDA:3,(anonymous_0)
FNDA:3,(anonymous_1)
FNDA:1,(anonymous_2)
FNDA:1,(anonymous_3)
FNDA:2,(anonymous_4)
FNDA:2,(anonymous_5)
FNDA:1,(anonymous_6)
FNDA:1,(anonymous_7)
FNDA:1,(anonymous_8)
FNDA:1,(anonymous_9)
FNDA:3,(anonymous_10)
FNDA:3,(anonymous_11)
DA:1,5
DA:3,5
DA:5,3
DA:15,3
DA:16,3
DA:18,0
DA:23,1
DA:27,1
DA:28,0
DA:30,1
DA:36,2
DA:40,2
DA:41,0
DA:43,2
DA:48,1
DA:60,1
DA:61,1
DA:63,0
DA:68,1
DA:72,1
DA:73,0
DA:75,1
DA:80,3
DA:84,3
DA:85,0
DA:87,3
LF:26
LH:20
BRDA:15,0,0,3
BRDA:15,0,1,0
BRDA:27,1,0,0
BRDA:27,1,1,1
BRDA:40,2,0,0
BRDA:40,2,1,2
BRDA:60,3,0,1
BRDA:60,3,1,0
BRDA:72,4,0,0
BRDA:72,4,1,1
BRDA:84,5,0,0
BRDA:84,5,1,3
BRF:12
BRH:6
end_of_record
TN:
SF:auth/tokenValidation.js
FN:5,(anonymous_0)
FN:9,(anonymous_1)
FN:28,(anonymous_2)
FN:32,(anonymous_3)
FNF:4
FNH:4
FNDA:15,(anonymous_0)
FNDA:13,(anonymous_1)
FNDA:21,(anonymous_2)
FNDA:21,(anonymous_3)
DA:1,5
DA:2,5
DA:4,5
DA:6,15
DA:7,15
DA:8,13
DA:9,13
DA:10,13
DA:11,0
DA:17,13
DA:22,2
DA:29,21
DA:30,21
DA:31,21
DA:32,21
DA:33,21
DA:34,0
DA:40,21
DA:45,0
LF:19
LH:16
BRDA:7,0,0,13
BRDA:7,0,1,2
BRDA:10,1,0,0
BRDA:10,1,1,13
BRDA:30,2,0,21
BRDA:30,2,1,0
BRDA:33,3,0,0
BRDA:33,3,1,21
BRF:8
BRH:5
end_of_record
TN:
SF:config/database.js
FNF:0
FNH:0
DA:1,5
DA:2,5
DA:4,5
DA:12,5
LF:4
LH:4
BRF:0
BRH:0
end_of_record
